[06/04/15][02:48:21][INFO] : 0
[06/04/15][02:48:21][INFO] : 1
[06/04/15][02:48:21][INFO] : 0
[06/04/15][02:52:32][INFO] : 0
[06/04/15][02:52:32][INFO] : 1
[06/04/15][02:52:32][INFO] : 0
[06/04/15][02:52:46][INFO] : 0
[06/04/15][02:52:46][INFO] : 1
[06/04/15][02:52:46][INFO] : 0
[06/04/15][21:55:27][INFO] : Screenshot saved !
[06/04/15][23:36:08][INFO] : 
[06/04/15][23:36:08][INFO] : 
[06/04/15][23:36:08][INFO] : 
[06/04/15][23:36:52][INFO] : localhost
[06/04/15][23:36:52][INFO] : cmdu76
[06/04/15][23:36:52][INFO] : 4567
[06/04/15][23:57:16][INFO] : localhost
[06/04/15][23:57:16][INFO] : cmdu76
[06/04/15][23:57:16][INFO] : 4567
[06/05/15][00:14:03][INFO] : Chunk : 0,0
[06/05/15][00:14:03][INFO] : Tile : 8,3
[06/05/15][00:14:09][INFO] : Chunk : 0,0
[06/05/15][00:14:09][INFO] : Tile : 7,2
[06/05/15][00:14:11][INFO] : Chunk : 0,0
[06/05/15][00:14:11][INFO] : Tile : 0,0
[06/05/15][00:14:13][INFO] : Chunk : 0,0
[06/05/15][00:14:13][INFO] : Tile : 1,0
[06/05/15][00:14:16][INFO] : Chunk : 0,0
[06/05/15][00:14:16][INFO] : Tile : 0,0
[06/05/15][00:14:20][INFO] : Chunk : 0,0
[06/05/15][00:14:20][INFO] : Tile : 4,4
[06/05/15][00:14:23][INFO] : Chunk : 0,0
[06/05/15][00:14:23][INFO] : Tile : 4,4
[06/05/15][00:14:25][INFO] : Chunk : 0,0
[06/05/15][00:14:25][INFO] : Tile : 5,4
[06/05/15][00:14:27][INFO] : Chunk : 0,0
[06/05/15][00:14:27][INFO] : Tile : 5,3
[06/05/15][00:14:28][INFO] : Chunk : 0,0
[06/05/15][00:14:28][INFO] : Tile : 3,3
[06/05/15][00:14:30][INFO] : Chunk : 0,0
[06/05/15][00:14:30][INFO] : Tile : 2,3
[06/05/15][00:14:31][INFO] : Chunk : 0,0
[06/05/15][00:14:31][INFO] : Tile : 2,5
[06/05/15][00:14:32][INFO] : Chunk : 0,0
[06/05/15][00:14:32][INFO] : Tile : 3,5
[06/05/15][00:14:34][INFO] : Chunk : 0,0
[06/05/15][00:14:34][INFO] : Tile : 3,6
[06/05/15][00:17:13][INFO] : Mouse : 0,0
[06/05/15][00:17:13][INFO] : Chunk : 0,0
[06/05/15][00:17:13][INFO] : Tile : 11,3
[06/05/15][00:17:18][INFO] : Mouse : -1,-1
[06/05/15][00:17:18][INFO] : Chunk : -1,-1
[06/05/15][00:17:18][INFO] : Tile : 31,0
[06/05/15][00:17:24][INFO] : Mouse : -1,-1
[06/05/15][00:17:24][INFO] : Chunk : -1,-1
[06/05/15][00:17:24][INFO] : Tile : 31,0
[06/05/15][00:17:26][INFO] : Mouse : -1,-1
[06/05/15][00:17:26][INFO] : Chunk : -1,-1
[06/05/15][00:17:26][INFO] : Tile : 31,31
[06/05/15][00:17:28][INFO] : Mouse : 0,-1
[06/05/15][00:17:28][INFO] : Chunk : 0,-1
[06/05/15][00:17:28][INFO] : Tile : 4,30
[06/05/15][00:17:29][INFO] : Mouse : 0,-1
[06/05/15][00:17:29][INFO] : Chunk : 0,-1
[06/05/15][00:17:29][INFO] : Tile : 4,30
[06/05/15][00:17:29][INFO] : Mouse : 0,-1
[06/05/15][00:17:29][INFO] : Chunk : 0,-1
[06/05/15][00:17:29][INFO] : Tile : 3,30
[06/05/15][00:17:29][INFO] : Mouse : 0,-1
[06/05/15][00:17:29][INFO] : Chunk : 0,-1
[06/05/15][00:17:29][INFO] : Tile : 3,30
[06/05/15][00:17:32][INFO] : Mouse : 0,0
[06/05/15][00:17:32][INFO] : Chunk : 0,0
[06/05/15][00:17:32][INFO] : Tile : 3,1
[06/05/15][00:17:33][INFO] : Mouse : 0,0
[06/05/15][00:17:33][INFO] : Chunk : 0,0
[06/05/15][00:17:33][INFO] : Tile : 2,1
[06/05/15][00:17:34][INFO] : Mouse : 0,0
[06/05/15][00:17:34][INFO] : Chunk : 0,0
[06/05/15][00:17:34][INFO] : Tile : 1,1
[06/05/15][00:17:34][INFO] : Mouse : 0,0
[06/05/15][00:17:34][INFO] : Chunk : 0,0
[06/05/15][00:17:34][INFO] : Tile : 1,2
[06/05/15][00:17:35][INFO] : Mouse : 0,0
[06/05/15][00:17:35][INFO] : Chunk : 0,0
[06/05/15][00:17:35][INFO] : Tile : 0,1
[06/05/15][00:17:35][INFO] : Mouse : 0,0
[06/05/15][00:17:35][INFO] : Chunk : 0,0
[06/05/15][00:17:35][INFO] : Tile : 0,3
[06/05/15][00:17:36][INFO] : Mouse : 0,0
[06/05/15][00:17:36][INFO] : Chunk : 0,0
[06/05/15][00:17:36][INFO] : Tile : 1,3
[06/05/15][00:17:37][INFO] : Mouse : 0,0
[06/05/15][00:17:37][INFO] : Chunk : 0,0
[06/05/15][00:17:37][INFO] : Tile : 3,0
[06/05/15][00:17:37][INFO] : Mouse : 0,-1
[06/05/15][00:17:37][INFO] : Chunk : 0,-1
[06/05/15][00:17:37][INFO] : Tile : 3,0
[06/05/15][00:17:38][INFO] : Mouse : 0,-1
[06/05/15][00:17:38][INFO] : Chunk : 0,-1
[06/05/15][00:17:38][INFO] : Tile : 4,0
[06/05/15][00:17:38][INFO] : Mouse : 0,-1
[06/05/15][00:17:38][INFO] : Chunk : 0,-1
[06/05/15][00:17:38][INFO] : Tile : 5,31
[06/05/15][00:17:38][INFO] : Mouse : 0,-1
[06/05/15][00:17:38][INFO] : Chunk : 0,-1
[06/05/15][00:17:38][INFO] : Tile : 5,28
[06/05/15][00:17:39][INFO] : Mouse : 0,-1
[06/05/15][00:17:39][INFO] : Chunk : 0,-1
[06/05/15][00:17:39][INFO] : Tile : 6,27
[06/05/15][00:17:39][INFO] : Mouse : 0,-1
[06/05/15][00:17:39][INFO] : Chunk : 0,-1
[06/05/15][00:17:39][INFO] : Tile : 5,24
[06/05/15][00:17:39][INFO] : Mouse : 0,-1
[06/05/15][00:17:39][INFO] : Chunk : 0,-1
[06/05/15][00:17:39][INFO] : Tile : 6,25
[06/05/15][00:17:39][INFO] : Mouse : 0,-1
[06/05/15][00:17:39][INFO] : Chunk : 0,-1
[06/05/15][00:17:39][INFO] : Tile : 6,26
[06/05/15][00:17:39][INFO] : Mouse : 0,-1
[06/05/15][00:17:39][INFO] : Chunk : 0,-1
[06/05/15][00:17:39][INFO] : Tile : 6,27
[06/05/15][00:17:40][INFO] : Mouse : 0,-1
[06/05/15][00:17:40][INFO] : Chunk : 0,-1
[06/05/15][00:17:40][INFO] : Tile : 5,27
[06/05/15][00:17:40][INFO] : Mouse : 0,-1
[06/05/15][00:17:40][INFO] : Chunk : 0,-1
[06/05/15][00:17:40][INFO] : Tile : 5,27
[06/05/15][00:17:40][INFO] : Mouse : 0,-1
[06/05/15][00:17:40][INFO] : Chunk : 0,-1
[06/05/15][00:17:40][INFO] : Tile : 5,27
[06/05/15][00:17:41][INFO] : Mouse : 0,-1
[06/05/15][00:17:41][INFO] : Chunk : 0,-1
[06/05/15][00:17:41][INFO] : Tile : 5,27
[06/05/15][00:17:42][INFO] : Mouse : 0,-1
[06/05/15][00:17:42][INFO] : Chunk : 0,-1
[06/05/15][00:17:42][INFO] : Tile : 5,27
[06/05/15][00:17:44][INFO] : Mouse : 0,-1
[06/05/15][00:17:44][INFO] : Chunk : 0,-1
[06/05/15][00:17:44][INFO] : Tile : 0,0
[06/05/15][00:17:48][INFO] : Mouse : 0,-1
[06/05/15][00:17:48][INFO] : Chunk : 0,-1
[06/05/15][00:17:48][INFO] : Tile : 1,0
[06/05/15][00:18:24][INFO] : Mouse : 0,0
[06/05/15][00:18:24][INFO] : Chunk : 0,0
[06/05/15][00:18:24][INFO] : Tile : 4,0
[06/05/15][00:18:29][INFO] : Mouse : 0,0
[06/05/15][00:18:29][INFO] : Chunk : 0,0
[06/05/15][00:18:29][INFO] : Tile : 0,31
[06/05/15][00:18:30][INFO] : Mouse : 0,0
[06/05/15][00:18:30][INFO] : Chunk : 0,0
[06/05/15][00:18:30][INFO] : Tile : 1,31
[06/05/15][00:18:32][INFO] : Mouse : 0,1
[06/05/15][00:18:32][INFO] : Chunk : 0,1
[06/05/15][00:18:32][INFO] : Tile : 0,0
[06/05/15][00:18:35][INFO] : Mouse : 0,1
[06/05/15][00:18:35][INFO] : Chunk : 0,1
[06/05/15][00:18:35][INFO] : Tile : 0,1
[06/05/15][00:18:35][INFO] : Mouse : 0,1
[06/05/15][00:18:35][INFO] : Chunk : 0,1
[06/05/15][00:18:35][INFO] : Tile : 1,1
[06/05/15][00:18:36][INFO] : Mouse : 0,1
[06/05/15][00:18:36][INFO] : Chunk : 0,1
[06/05/15][00:18:36][INFO] : Tile : 1,0
[06/05/15][00:18:36][INFO] : Mouse : 0,1
[06/05/15][00:18:36][INFO] : Chunk : 0,1
[06/05/15][00:18:36][INFO] : Tile : 2,0
[06/05/15][00:18:36][INFO] : Mouse : 0,1
[06/05/15][00:18:36][INFO] : Chunk : 0,1
[06/05/15][00:18:36][INFO] : Tile : 2,1
[06/05/15][00:18:42][INFO] : Mouse : -1,1
[06/05/15][00:18:42][INFO] : Chunk : -1,1
[06/05/15][00:18:42][INFO] : Tile : 31,0
[06/05/15][00:18:45][INFO] : Mouse : -1,0
[06/05/15][00:18:45][INFO] : Chunk : -1,0
[06/05/15][00:18:45][INFO] : Tile : 27,29
[06/05/15][00:18:46][INFO] : Mouse : -1,0
[06/05/15][00:18:46][INFO] : Chunk : -1,0
[06/05/15][00:18:46][INFO] : Tile : 27,30
[06/05/15][00:18:49][INFO] : Mouse : -1,0
[06/05/15][00:18:49][INFO] : Chunk : -1,0
[06/05/15][00:18:49][INFO] : Tile : 0,31
[06/05/15][00:18:50][INFO] : Mouse : -1,0
[06/05/15][00:18:50][INFO] : Chunk : -1,0
[06/05/15][00:18:50][INFO] : Tile : 0,31
[06/05/15][00:18:51][INFO] : Mouse : -1,0
[06/05/15][00:18:51][INFO] : Chunk : -1,0
[06/05/15][00:18:51][INFO] : Tile : 0,31
[06/05/15][00:18:51][INFO] : Mouse : -1,0
[06/05/15][00:18:51][INFO] : Chunk : -1,0
[06/05/15][00:18:51][INFO] : Tile : 0,31
[06/05/15][00:18:52][INFO] : Mouse : -1,0
[06/05/15][00:18:52][INFO] : Chunk : -1,0
[06/05/15][00:18:52][INFO] : Tile : 0,30
[06/05/15][00:18:53][INFO] : Mouse : -1,0
[06/05/15][00:18:53][INFO] : Chunk : -1,0
[06/05/15][00:18:53][INFO] : Tile : 0,30
[06/05/15][00:18:53][INFO] : Mouse : -1,0
[06/05/15][00:18:53][INFO] : Chunk : -1,0
[06/05/15][00:18:53][INFO] : Tile : 0,30
[06/05/15][00:18:54][INFO] : Mouse : -1,0
[06/05/15][00:18:54][INFO] : Chunk : -1,0
[06/05/15][00:18:54][INFO] : Tile : 0,30
[06/05/15][00:18:54][INFO] : Mouse : -1,0
[06/05/15][00:18:54][INFO] : Chunk : -1,0
[06/05/15][00:18:54][INFO] : Tile : 0,30
[06/05/15][00:19:04][INFO] : Mouse : -1,0
[06/05/15][00:19:04][INFO] : Chunk : -1,0
[06/05/15][00:19:04][INFO] : Tile : 0,30
[06/05/15][00:19:25][INFO] : Mouse : -1,0
[06/05/15][00:19:25][INFO] : Chunk : -1,0
[06/05/15][00:19:25][INFO] : Tile : 31,28
[06/05/15][00:19:27][INFO] : Mouse : -1,0
[06/05/15][00:19:27][INFO] : Chunk : -1,0
[06/05/15][00:19:27][INFO] : Tile : 31,28
[06/05/15][00:19:28][INFO] : Mouse : -1,0
[06/05/15][00:19:28][INFO] : Chunk : -1,0
[06/05/15][00:19:28][INFO] : Tile : 30,29
[06/05/15][00:19:28][INFO] : Mouse : -1,0
[06/05/15][00:19:28][INFO] : Chunk : -1,0
[06/05/15][00:19:28][INFO] : Tile : 30,29
[06/05/15][00:19:28][INFO] : Mouse : -1,0
[06/05/15][00:19:28][INFO] : Chunk : -1,0
[06/05/15][00:19:28][INFO] : Tile : 30,29
[06/05/15][00:19:39][INFO] : Mouse : -1,-1
[06/05/15][00:19:39][INFO] : Chunk : -1,-1
[06/05/15][00:19:39][INFO] : Tile : 28,27
[06/05/15][00:19:40][INFO] : Mouse : -1,-1
[06/05/15][00:19:40][INFO] : Chunk : -1,-1
[06/05/15][00:19:40][INFO] : Tile : 28,27
[06/05/15][00:19:40][INFO] : Mouse : -1,-1
[06/05/15][00:19:40][INFO] : Chunk : -1,-1
[06/05/15][00:19:40][INFO] : Tile : 28,27
[06/05/15][00:19:50][INFO] : Mouse : -1,-1
[06/05/15][00:19:50][INFO] : Chunk : -1,-1
[06/05/15][00:19:50][INFO] : Tile : 1,1
[06/05/15][00:19:51][INFO] : Mouse : -1,-1
[06/05/15][00:19:51][INFO] : Chunk : -1,-1
[06/05/15][00:19:51][INFO] : Tile : 1,1
[06/05/15][00:19:51][INFO] : Mouse : -1,-1
[06/05/15][00:19:51][INFO] : Chunk : -1,-1
[06/05/15][00:19:51][INFO] : Tile : 1,1
[06/05/15][00:19:53][INFO] : Mouse : -1,-1
[06/05/15][00:19:53][INFO] : Chunk : -1,-1
[06/05/15][00:19:53][INFO] : Tile : 1,1
[06/05/15][00:19:53][INFO] : Mouse : -1,-1
[06/05/15][00:19:53][INFO] : Chunk : -1,-1
[06/05/15][00:19:53][INFO] : Tile : 1,1
[06/05/15][00:19:54][INFO] : Mouse : -2,-2
[06/05/15][00:19:54][INFO] : Chunk : -2,-2
[06/05/15][00:19:54][INFO] : Tile : 0,0
[06/05/15][00:19:55][INFO] : Mouse : -1,-1
[06/05/15][00:19:55][INFO] : Chunk : -1,-1
[06/05/15][00:19:55][INFO] : Tile : 1,1
[06/05/15][00:19:57][INFO] : Mouse : -1,-1
[06/05/15][00:19:57][INFO] : Chunk : -1,-1
[06/05/15][00:19:57][INFO] : Tile : 10,11
[06/05/15][00:19:58][INFO] : Mouse : -1,-1
[06/05/15][00:19:58][INFO] : Chunk : -1,-1
[06/05/15][00:19:58][INFO] : Tile : 14,13
[06/05/15][00:19:58][INFO] : Mouse : -1,-1
[06/05/15][00:19:58][INFO] : Chunk : -1,-1
[06/05/15][00:19:58][INFO] : Tile : 17,16
[06/05/15][00:19:58][INFO] : Mouse : -1,-1
[06/05/15][00:19:58][INFO] : Chunk : -1,-1
[06/05/15][00:19:58][INFO] : Tile : 20,19
[06/05/15][00:19:58][INFO] : Mouse : -1,-1
[06/05/15][00:19:58][INFO] : Chunk : -1,-1
[06/05/15][00:19:58][INFO] : Tile : 23,22
[06/05/15][00:19:58][INFO] : Mouse : -1,-1
[06/05/15][00:19:58][INFO] : Chunk : -1,-1
[06/05/15][00:19:58][INFO] : Tile : 26,25
[06/05/15][00:19:59][INFO] : Mouse : -1,-1
[06/05/15][00:19:59][INFO] : Chunk : -1,-1
[06/05/15][00:19:59][INFO] : Tile : 28,25
[06/05/15][00:20:00][INFO] : Mouse : 0,0
[06/05/15][00:20:00][INFO] : Chunk : 0,0
[06/05/15][00:20:00][INFO] : Tile : 4,0
[06/05/15][00:20:00][INFO] : Mouse : 0,0
[06/05/15][00:20:00][INFO] : Chunk : 0,0
[06/05/15][00:20:00][INFO] : Tile : 3,2
[06/05/15][00:20:01][INFO] : Mouse : 0,0
[06/05/15][00:20:01][INFO] : Chunk : 0,0
[06/05/15][00:20:01][INFO] : Tile : 5,1
[06/05/15][00:20:01][INFO] : Mouse : 0,0
[06/05/15][00:20:01][INFO] : Chunk : 0,0
[06/05/15][00:20:01][INFO] : Tile : 4,1
[06/05/15][00:20:01][INFO] : Mouse : 0,0
[06/05/15][00:20:01][INFO] : Chunk : 0,0
[06/05/15][00:20:01][INFO] : Tile : 4,1
[06/05/15][00:20:01][INFO] : Mouse : 0,0
[06/05/15][00:20:01][INFO] : Chunk : 0,0
[06/05/15][00:20:01][INFO] : Tile : 3,2
[06/05/15][00:20:01][INFO] : Mouse : 0,0
[06/05/15][00:20:01][INFO] : Chunk : 0,0
[06/05/15][00:20:01][INFO] : Tile : 2,2
[06/05/15][00:20:02][INFO] : Mouse : 0,0
[06/05/15][00:20:02][INFO] : Chunk : 0,0
[06/05/15][00:20:02][INFO] : Tile : 2,2
[06/05/15][00:20:03][INFO] : Mouse : 0,0
[06/05/15][00:20:03][INFO] : Chunk : 0,0
[06/05/15][00:20:03][INFO] : Tile : 2,0
[06/05/15][00:20:04][INFO] : Mouse : 0,0
[06/05/15][00:20:04][INFO] : Chunk : 0,0
[06/05/15][00:20:04][INFO] : Tile : 4,3
[06/05/15][00:20:05][INFO] : Mouse : 0,0
[06/05/15][00:20:05][INFO] : Chunk : 0,0
[06/05/15][00:20:05][INFO] : Tile : 0,4
[06/05/15][00:20:05][INFO] : Mouse : 0,0
[06/05/15][00:20:05][INFO] : Chunk : 0,0
[06/05/15][00:20:05][INFO] : Tile : 0,5
[06/05/15][00:20:06][INFO] : Mouse : 0,0
[06/05/15][00:20:06][INFO] : Chunk : 0,0
[06/05/15][00:20:06][INFO] : Tile : 2,5
[06/05/15][00:20:06][INFO] : Mouse : 0,0
[06/05/15][00:20:06][INFO] : Chunk : 0,0
[06/05/15][00:20:06][INFO] : Tile : 1,5
[06/05/15][00:20:07][INFO] : Mouse : 0,0
[06/05/15][00:20:07][INFO] : Chunk : 0,0
[06/05/15][00:20:07][INFO] : Tile : 1,5
[06/05/15][00:20:07][INFO] : Mouse : 0,0
[06/05/15][00:20:07][INFO] : Chunk : 0,0
[06/05/15][00:20:07][INFO] : Tile : 0,6
[06/05/15][00:20:07][INFO] : Mouse : 0,0
[06/05/15][00:20:07][INFO] : Chunk : 0,0
[06/05/15][00:20:07][INFO] : Tile : 0,6
[06/05/15][00:20:07][INFO] : Mouse : 0,0
[06/05/15][00:20:07][INFO] : Chunk : 0,0
[06/05/15][00:20:07][INFO] : Tile : 1,6
[06/05/15][00:20:07][INFO] : Mouse : 0,0
[06/05/15][00:20:07][INFO] : Chunk : 0,0
[06/05/15][00:20:07][INFO] : Tile : 1,6
[06/05/15][00:20:08][INFO] : Mouse : 0,0
[06/05/15][00:20:08][INFO] : Chunk : 0,0
[06/05/15][00:20:08][INFO] : Tile : 2,6
[06/05/15][00:20:08][INFO] : Mouse : 0,0
[06/05/15][00:20:08][INFO] : Chunk : 0,0
[06/05/15][00:20:08][INFO] : Tile : 4,6
[06/05/15][00:20:08][INFO] : Mouse : 0,0
[06/05/15][00:20:08][INFO] : Chunk : 0,0
[06/05/15][00:20:08][INFO] : Tile : 5,5
[06/05/15][00:20:08][INFO] : Mouse : 0,0
[06/05/15][00:20:08][INFO] : Chunk : 0,0
[06/05/15][00:20:08][INFO] : Tile : 4,5
[06/05/15][00:20:08][INFO] : Mouse : 0,0
[06/05/15][00:20:08][INFO] : Chunk : 0,0
[06/05/15][00:20:08][INFO] : Tile : 5,5
[06/05/15][00:20:09][INFO] : Mouse : 0,0
[06/05/15][00:20:09][INFO] : Chunk : 0,0
[06/05/15][00:20:09][INFO] : Tile : 4,5
[06/05/15][00:20:09][INFO] : Mouse : 0,0
[06/05/15][00:20:09][INFO] : Chunk : 0,0
[06/05/15][00:20:09][INFO] : Tile : 7,5
[06/05/15][00:20:09][INFO] : Mouse : 0,0
[06/05/15][00:20:09][INFO] : Chunk : 0,0
[06/05/15][00:20:09][INFO] : Tile : 6,6
[06/05/15][00:20:09][INFO] : Mouse : 0,0
[06/05/15][00:20:09][INFO] : Chunk : 0,0
[06/05/15][00:20:09][INFO] : Tile : 6,6
[06/05/15][00:20:09][INFO] : Mouse : 0,0
[06/05/15][00:20:09][INFO] : Chunk : 0,0
[06/05/15][00:20:09][INFO] : Tile : 6,5
[06/05/15][00:20:10][INFO] : Mouse : 0,0
[06/05/15][00:20:10][INFO] : Chunk : 0,0
[06/05/15][00:20:10][INFO] : Tile : 6,4
[06/05/15][00:20:10][INFO] : Mouse : 0,0
[06/05/15][00:20:10][INFO] : Chunk : 0,0
[06/05/15][00:20:10][INFO] : Tile : 6,4
[06/05/15][00:20:10][INFO] : Mouse : 0,0
[06/05/15][00:20:10][INFO] : Chunk : 0,0
[06/05/15][00:20:10][INFO] : Tile : 6,3
[06/05/15][00:20:10][INFO] : Mouse : 0,0
[06/05/15][00:20:10][INFO] : Chunk : 0,0
[06/05/15][00:20:10][INFO] : Tile : 6,2
[06/05/15][00:20:10][INFO] : Mouse : 0,0
[06/05/15][00:20:10][INFO] : Chunk : 0,0
[06/05/15][00:20:10][INFO] : Tile : 6,2
[06/05/15][00:20:11][INFO] : Mouse : 0,0
[06/05/15][00:20:11][INFO] : Chunk : 0,0
[06/05/15][00:20:11][INFO] : Tile : 5,2
[06/05/15][00:20:11][INFO] : Mouse : 0,0
[06/05/15][00:20:11][INFO] : Chunk : 0,0
[06/05/15][00:20:11][INFO] : Tile : 6,1
[06/05/15][00:20:11][INFO] : Mouse : 0,0
[06/05/15][00:20:11][INFO] : Chunk : 0,0
[06/05/15][00:20:11][INFO] : Tile : 5,0
[06/05/15][00:20:11][INFO] : Mouse : 0,0
[06/05/15][00:20:11][INFO] : Chunk : 0,0
[06/05/15][00:20:11][INFO] : Tile : 6,0
[06/05/15][00:20:12][INFO] : Mouse : 0,0
[06/05/15][00:20:12][INFO] : Chunk : 0,0
[06/05/15][00:20:12][INFO] : Tile : 7,0
[06/05/15][00:20:12][INFO] : Mouse : 0,0
[06/05/15][00:20:12][INFO] : Chunk : 0,0
[06/05/15][00:20:12][INFO] : Tile : 7,0
[06/05/15][00:20:12][INFO] : Mouse : 0,0
[06/05/15][00:20:12][INFO] : Chunk : 0,0
[06/05/15][00:20:12][INFO] : Tile : 7,1
[06/05/15][00:20:12][INFO] : Mouse : 0,0
[06/05/15][00:20:12][INFO] : Chunk : 0,0
[06/05/15][00:20:12][INFO] : Tile : 7,4
[06/05/15][00:20:13][INFO] : Mouse : 0,0
[06/05/15][00:20:13][INFO] : Chunk : 0,0
[06/05/15][00:20:13][INFO] : Tile : 7,4
[06/05/15][00:20:13][INFO] : Mouse : 0,0
[06/05/15][00:20:13][INFO] : Chunk : 0,0
[06/05/15][00:20:13][INFO] : Tile : 7,6
[06/05/15][00:20:13][INFO] : Mouse : 0,0
[06/05/15][00:20:13][INFO] : Chunk : 0,0
[06/05/15][00:20:13][INFO] : Tile : 7,6
[06/05/15][00:20:21][INFO] : Mouse : 0,0
[06/05/15][00:20:21][INFO] : Chunk : 0,0
[06/05/15][00:20:21][INFO] : Tile : 8,0
[06/05/15][00:20:21][INFO] : Mouse : 0,0
[06/05/15][00:20:21][INFO] : Chunk : 0,0
[06/05/15][00:20:21][INFO] : Tile : 9,0
[06/05/15][00:20:21][INFO] : Mouse : 0,0
[06/05/15][00:20:21][INFO] : Chunk : 0,0
[06/05/15][00:20:21][INFO] : Tile : 9,1
[06/05/15][00:20:21][INFO] : Mouse : 0,0
[06/05/15][00:20:21][INFO] : Chunk : 0,0
[06/05/15][00:20:21][INFO] : Tile : 9,1
[06/05/15][00:20:21][INFO] : Mouse : 0,0
[06/05/15][00:20:21][INFO] : Chunk : 0,0
[06/05/15][00:20:21][INFO] : Tile : 8,1
[06/05/15][00:20:22][INFO] : Mouse : 0,0
[06/05/15][00:20:22][INFO] : Chunk : 0,0
[06/05/15][00:20:22][INFO] : Tile : 8,2
[06/05/15][00:20:22][INFO] : Mouse : 0,0
[06/05/15][00:20:22][INFO] : Chunk : 0,0
[06/05/15][00:20:22][INFO] : Tile : 9,2
[06/05/15][00:20:22][INFO] : Mouse : 0,0
[06/05/15][00:20:22][INFO] : Chunk : 0,0
[06/05/15][00:20:22][INFO] : Tile : 9,2
[06/05/15][00:20:22][INFO] : Mouse : 0,0
[06/05/15][00:20:22][INFO] : Chunk : 0,0
[06/05/15][00:20:22][INFO] : Tile : 10,3
[06/05/15][00:20:23][INFO] : Mouse : 0,0
[06/05/15][00:20:23][INFO] : Chunk : 0,0
[06/05/15][00:20:23][INFO] : Tile : 10,3
[06/05/15][00:20:23][INFO] : Mouse : 0,0
[06/05/15][00:20:23][INFO] : Chunk : 0,0
[06/05/15][00:20:23][INFO] : Tile : 11,1
[06/05/15][00:20:23][INFO] : Mouse : 0,0
[06/05/15][00:20:23][INFO] : Chunk : 0,0
[06/05/15][00:20:23][INFO] : Tile : 11,1
[06/05/15][00:20:23][INFO] : Mouse : 0,0
[06/05/15][00:20:23][INFO] : Chunk : 0,0
[06/05/15][00:20:23][INFO] : Tile : 12,0
[06/05/15][00:20:23][INFO] : Mouse : 0,0
[06/05/15][00:20:23][INFO] : Chunk : 0,0
[06/05/15][00:20:23][INFO] : Tile : 12,0
[06/05/15][00:20:24][INFO] : Mouse : 0,0
[06/05/15][00:20:24][INFO] : Chunk : 0,0
[06/05/15][00:20:24][INFO] : Tile : 12,1
[06/05/15][00:20:24][INFO] : Mouse : 0,0
[06/05/15][00:20:24][INFO] : Chunk : 0,0
[06/05/15][00:20:24][INFO] : Tile : 12,1
[06/05/15][00:20:24][INFO] : Mouse : 0,0
[06/05/15][00:20:24][INFO] : Chunk : 0,0
[06/05/15][00:20:24][INFO] : Tile : 15,0
[06/05/15][00:20:24][INFO] : Mouse : 0,0
[06/05/15][00:20:24][INFO] : Chunk : 0,0
[06/05/15][00:20:24][INFO] : Tile : 13,0
[06/05/15][00:20:24][INFO] : Mouse : 0,0
[06/05/15][00:20:24][INFO] : Chunk : 0,0
[06/05/15][00:20:24][INFO] : Tile : 15,0
[06/05/15][00:20:25][INFO] : Mouse : 0,0
[06/05/15][00:20:25][INFO] : Chunk : 0,0
[06/05/15][00:20:25][INFO] : Tile : 13,0
[06/05/15][00:20:25][INFO] : Mouse : 0,0
[06/05/15][00:20:25][INFO] : Chunk : 0,0
[06/05/15][00:20:25][INFO] : Tile : 14,0
[06/05/15][00:20:25][INFO] : Mouse : 0,0
[06/05/15][00:20:25][INFO] : Chunk : 0,0
[06/05/15][00:20:25][INFO] : Tile : 14,0
[06/05/15][00:20:25][INFO] : Mouse : 0,0
[06/05/15][00:20:25][INFO] : Chunk : 0,0
[06/05/15][00:20:25][INFO] : Tile : 13,1
[06/05/15][00:20:25][INFO] : Mouse : 0,0
[06/05/15][00:20:25][INFO] : Chunk : 0,0
[06/05/15][00:20:25][INFO] : Tile : 13,1
[06/05/15][00:20:26][INFO] : Mouse : 0,0
[06/05/15][00:20:26][INFO] : Chunk : 0,0
[06/05/15][00:20:26][INFO] : Tile : 13,2
[06/05/15][00:20:26][INFO] : Mouse : 0,0
[06/05/15][00:20:26][INFO] : Chunk : 0,0
[06/05/15][00:20:26][INFO] : Tile : 14,2
[06/05/15][00:20:26][INFO] : Mouse : 0,0
[06/05/15][00:20:26][INFO] : Chunk : 0,0
[06/05/15][00:20:26][INFO] : Tile : 14,2
[06/05/15][00:20:26][INFO] : Mouse : 0,0
[06/05/15][00:20:26][INFO] : Chunk : 0,0
[06/05/15][00:20:26][INFO] : Tile : 14,1
[06/05/15][00:20:27][INFO] : Mouse : 0,0
[06/05/15][00:20:27][INFO] : Chunk : 0,0
[06/05/15][00:20:27][INFO] : Tile : 15,1
[06/05/15][00:20:27][INFO] : Mouse : 0,0
[06/05/15][00:20:27][INFO] : Chunk : 0,0
[06/05/15][00:20:27][INFO] : Tile : 15,2
[06/05/15][00:20:27][INFO] : Mouse : 0,0
[06/05/15][00:20:27][INFO] : Chunk : 0,0
[06/05/15][00:20:27][INFO] : Tile : 15,2
[06/05/15][00:20:28][INFO] : Mouse : 0,0
[06/05/15][00:20:28][INFO] : Chunk : 0,0
[06/05/15][00:20:28][INFO] : Tile : 17,3
[06/05/15][00:20:28][INFO] : Mouse : 0,0
[06/05/15][00:20:28][INFO] : Chunk : 0,0
[06/05/15][00:20:28][INFO] : Tile : 17,3
[06/05/15][00:20:28][INFO] : Mouse : 0,0
[06/05/15][00:20:28][INFO] : Chunk : 0,0
[06/05/15][00:20:28][INFO] : Tile : 17,2
[06/05/15][00:20:29][INFO] : Mouse : 0,0
[06/05/15][00:20:29][INFO] : Chunk : 0,0
[06/05/15][00:20:29][INFO] : Tile : 17,1
[06/05/15][00:20:29][INFO] : Mouse : 0,0
[06/05/15][00:20:29][INFO] : Chunk : 0,0
[06/05/15][00:20:29][INFO] : Tile : 16,1
[06/05/15][00:20:29][INFO] : Mouse : 0,0
[06/05/15][00:20:29][INFO] : Chunk : 0,0
[06/05/15][00:20:29][INFO] : Tile : 16,1
[06/05/15][00:20:29][INFO] : Mouse : 0,0
[06/05/15][00:20:29][INFO] : Chunk : 0,0
[06/05/15][00:20:29][INFO] : Tile : 16,0
[06/05/15][00:20:29][INFO] : Mouse : 0,0
[06/05/15][00:20:29][INFO] : Chunk : 0,0
[06/05/15][00:20:29][INFO] : Tile : 17,0
[06/05/15][00:20:30][INFO] : Mouse : 0,0
[06/05/15][00:20:30][INFO] : Chunk : 0,0
[06/05/15][00:20:30][INFO] : Tile : 18,0
[06/05/15][00:20:30][INFO] : Mouse : 0,0
[06/05/15][00:20:30][INFO] : Chunk : 0,0
[06/05/15][00:20:30][INFO] : Tile : 18,1
[06/05/15][00:20:30][INFO] : Mouse : 0,0
[06/05/15][00:20:30][INFO] : Chunk : 0,0
[06/05/15][00:20:30][INFO] : Tile : 19,1
[06/05/15][00:20:30][INFO] : Mouse : 0,0
[06/05/15][00:20:30][INFO] : Chunk : 0,0
[06/05/15][00:20:30][INFO] : Tile : 19,0
[06/05/15][00:20:31][INFO] : Mouse : 0,0
[06/05/15][00:20:31][INFO] : Chunk : 0,0
[06/05/15][00:20:31][INFO] : Tile : 19,0
[06/05/15][00:20:31][INFO] : Mouse : 0,0
[06/05/15][00:20:31][INFO] : Chunk : 0,0
[06/05/15][00:20:31][INFO] : Tile : 20,0
[06/05/15][00:20:31][INFO] : Mouse : 0,0
[06/05/15][00:20:31][INFO] : Chunk : 0,0
[06/05/15][00:20:31][INFO] : Tile : 20,1
[06/05/15][00:20:32][INFO] : Mouse : 0,0
[06/05/15][00:20:32][INFO] : Chunk : 0,0
[06/05/15][00:20:32][INFO] : Tile : 20,2
[06/05/15][00:20:32][INFO] : Mouse : 0,0
[06/05/15][00:20:32][INFO] : Chunk : 0,0
[06/05/15][00:20:32][INFO] : Tile : 20,3
[06/05/15][00:20:32][INFO] : Mouse : 0,0
[06/05/15][00:20:32][INFO] : Chunk : 0,0
[06/05/15][00:20:32][INFO] : Tile : 20,4
[06/05/15][00:20:32][INFO] : Mouse : 0,0
[06/05/15][00:20:32][INFO] : Chunk : 0,0
[06/05/15][00:20:32][INFO] : Tile : 20,4
[06/05/15][00:20:33][INFO] : Mouse : 0,0
[06/05/15][00:20:33][INFO] : Chunk : 0,0
[06/05/15][00:20:33][INFO] : Tile : 19,4
[06/05/15][00:20:33][INFO] : Mouse : 0,0
[06/05/15][00:20:33][INFO] : Chunk : 0,0
[06/05/15][00:20:33][INFO] : Tile : 18,5
[06/05/15][00:20:33][INFO] : Mouse : 0,0
[06/05/15][00:20:33][INFO] : Chunk : 0,0
[06/05/15][00:20:33][INFO] : Tile : 18,5
[06/05/15][00:20:34][INFO] : Mouse : 0,0
[06/05/15][00:20:34][INFO] : Chunk : 0,0
[06/05/15][00:20:34][INFO] : Tile : 21,1
[06/05/15][00:20:34][INFO] : Mouse : 0,0
[06/05/15][00:20:34][INFO] : Chunk : 0,0
[06/05/15][00:20:34][INFO] : Tile : 21,1
[06/05/15][00:20:34][INFO] : Mouse : 0,0
[06/05/15][00:20:34][INFO] : Chunk : 0,0
[06/05/15][00:20:34][INFO] : Tile : 22,0
[06/05/15][00:20:34][INFO] : Mouse : 0,0
[06/05/15][00:20:34][INFO] : Chunk : 0,0
[06/05/15][00:20:34][INFO] : Tile : 23,0
[06/05/15][00:20:35][INFO] : Mouse : 0,0
[06/05/15][00:20:35][INFO] : Chunk : 0,0
[06/05/15][00:20:35][INFO] : Tile : 21,0
[06/05/15][00:20:35][INFO] : Mouse : 0,0
[06/05/15][00:20:35][INFO] : Chunk : 0,0
[06/05/15][00:20:35][INFO] : Tile : 21,0
[06/05/15][00:20:35][INFO] : Mouse : 0,0
[06/05/15][00:20:35][INFO] : Chunk : 0,0
[06/05/15][00:20:35][INFO] : Tile : 24,0
[06/05/15][00:20:35][INFO] : Mouse : 0,0
[06/05/15][00:20:35][INFO] : Chunk : 0,0
[06/05/15][00:20:35][INFO] : Tile : 26,0
[06/05/15][00:20:36][INFO] : Mouse : 0,0
[06/05/15][00:20:36][INFO] : Chunk : 0,0
[06/05/15][00:20:36][INFO] : Tile : 26,1
[06/05/15][00:20:36][INFO] : Mouse : 0,0
[06/05/15][00:20:36][INFO] : Chunk : 0,0
[06/05/15][00:20:36][INFO] : Tile : 26,2
[06/05/15][00:20:36][INFO] : Mouse : 0,0
[06/05/15][00:20:36][INFO] : Chunk : 0,0
[06/05/15][00:20:36][INFO] : Tile : 26,3
[06/05/15][00:20:37][INFO] : Mouse : 0,0
[06/05/15][00:20:37][INFO] : Chunk : 0,0
[06/05/15][00:20:37][INFO] : Tile : 26,3
[06/05/15][00:20:37][INFO] : Mouse : 0,0
[06/05/15][00:20:37][INFO] : Chunk : 0,0
[06/05/15][00:20:37][INFO] : Tile : 27,2
[06/05/15][00:20:37][INFO] : Mouse : 0,0
[06/05/15][00:20:37][INFO] : Chunk : 0,0
[06/05/15][00:20:37][INFO] : Tile : 27,1
[06/05/15][00:20:37][INFO] : Mouse : 0,0
[06/05/15][00:20:37][INFO] : Chunk : 0,0
[06/05/15][00:20:37][INFO] : Tile : 27,1
[06/05/15][00:20:37][INFO] : Mouse : 0,0
[06/05/15][00:20:37][INFO] : Chunk : 0,0
[06/05/15][00:20:37][INFO] : Tile : 27,1
[06/05/15][00:20:38][INFO] : Mouse : 0,0
[06/05/15][00:20:38][INFO] : Chunk : 0,0
[06/05/15][00:20:38][INFO] : Tile : 28,1
[06/05/15][00:20:38][INFO] : Mouse : 0,0
[06/05/15][00:20:38][INFO] : Chunk : 0,0
[06/05/15][00:20:38][INFO] : Tile : 30,1
[06/05/15][00:20:38][INFO] : Mouse : 0,0
[06/05/15][00:20:38][INFO] : Chunk : 0,0
[06/05/15][00:20:38][INFO] : Tile : 29,1
[06/05/15][00:20:38][INFO] : Mouse : 0,0
[06/05/15][00:20:38][INFO] : Chunk : 0,0
[06/05/15][00:20:38][INFO] : Tile : 29,2
[06/05/15][00:20:39][INFO] : Mouse : 0,0
[06/05/15][00:20:39][INFO] : Chunk : 0,0
[06/05/15][00:20:39][INFO] : Tile : 29,1
[06/05/15][00:20:39][INFO] : Mouse : 0,0
[06/05/15][00:20:39][INFO] : Chunk : 0,0
[06/05/15][00:20:39][INFO] : Tile : 30,2
[06/05/15][00:20:39][INFO] : Mouse : 0,0
[06/05/15][00:20:39][INFO] : Chunk : 0,0
[06/05/15][00:20:39][INFO] : Tile : 30,2
[06/05/15][00:20:39][INFO] : Mouse : 0,0
[06/05/15][00:20:39][INFO] : Chunk : 0,0
[06/05/15][00:20:39][INFO] : Tile : 31,2
[06/05/15][00:20:39][INFO] : Mouse : 0,0
[06/05/15][00:20:39][INFO] : Chunk : 0,0
[06/05/15][00:20:39][INFO] : Tile : 31,1
[06/05/15][00:20:40][INFO] : Mouse : 0,0
[06/05/15][00:20:40][INFO] : Chunk : 0,0
[06/05/15][00:20:40][INFO] : Tile : 31,1
[06/05/15][00:20:40][INFO] : Mouse : 0,0
[06/05/15][00:20:40][INFO] : Chunk : 0,0
[06/05/15][00:20:40][INFO] : Tile : 31,0
[06/05/15][00:20:40][INFO] : Mouse : 0,0
[06/05/15][00:20:40][INFO] : Chunk : 0,0
[06/05/15][00:20:40][INFO] : Tile : 30,0
[06/05/15][00:20:40][INFO] : Mouse : 0,0
[06/05/15][00:20:40][INFO] : Chunk : 0,0
[06/05/15][00:20:40][INFO] : Tile : 30,0
[06/05/15][00:20:41][INFO] : Mouse : 0,0
[06/05/15][00:20:41][INFO] : Chunk : 0,0
[06/05/15][00:20:41][INFO] : Tile : 31,5
[06/05/15][00:20:41][INFO] : Mouse : 0,0
[06/05/15][00:20:41][INFO] : Chunk : 0,0
[06/05/15][00:20:41][INFO] : Tile : 31,4
[06/05/15][00:20:41][INFO] : Mouse : 0,0
[06/05/15][00:20:41][INFO] : Chunk : 0,0
[06/05/15][00:20:41][INFO] : Tile : 31,3
[06/05/15][00:20:41][INFO] : Mouse : 0,0
[06/05/15][00:20:41][INFO] : Chunk : 0,0
[06/05/15][00:20:41][INFO] : Tile : 31,3
[06/05/15][00:20:42][INFO] : Mouse : 0,0
[06/05/15][00:20:42][INFO] : Chunk : 0,0
[06/05/15][00:20:42][INFO] : Tile : 30,3
[06/05/15][00:20:42][INFO] : Mouse : 0,0
[06/05/15][00:20:42][INFO] : Chunk : 0,0
[06/05/15][00:20:42][INFO] : Tile : 30,3
[06/05/15][00:20:42][INFO] : Mouse : 0,0
[06/05/15][00:20:42][INFO] : Chunk : 0,0
[06/05/15][00:20:42][INFO] : Tile : 30,4
[06/05/15][00:20:42][INFO] : Mouse : 0,0
[06/05/15][00:20:42][INFO] : Chunk : 0,0
[06/05/15][00:20:42][INFO] : Tile : 30,5
[06/05/15][00:20:43][INFO] : Mouse : 0,0
[06/05/15][00:20:43][INFO] : Chunk : 0,0
[06/05/15][00:20:43][INFO] : Tile : 30,5
[06/05/15][00:20:43][INFO] : Mouse : 0,0
[06/05/15][00:20:43][INFO] : Chunk : 0,0
[06/05/15][00:20:43][INFO] : Tile : 29,5
[06/05/15][00:20:43][INFO] : Mouse : 0,0
[06/05/15][00:20:43][INFO] : Chunk : 0,0
[06/05/15][00:20:43][INFO] : Tile : 29,5
[06/05/15][00:20:43][INFO] : Mouse : 0,0
[06/05/15][00:20:43][INFO] : Chunk : 0,0
[06/05/15][00:20:43][INFO] : Tile : 29,3
[06/05/15][00:20:43][INFO] : Mouse : 0,0
[06/05/15][00:20:43][INFO] : Chunk : 0,0
[06/05/15][00:20:43][INFO] : Tile : 28,3
[06/05/15][00:20:44][INFO] : Mouse : 0,0
[06/05/15][00:20:44][INFO] : Chunk : 0,0
[06/05/15][00:20:44][INFO] : Tile : 28,4
[06/05/15][00:20:44][INFO] : Mouse : 0,0
[06/05/15][00:20:44][INFO] : Chunk : 0,0
[06/05/15][00:20:44][INFO] : Tile : 28,5
[06/05/15][00:20:44][INFO] : Mouse : 0,0
[06/05/15][00:20:44][INFO] : Chunk : 0,0
[06/05/15][00:20:44][INFO] : Tile : 27,5
[06/05/15][00:20:44][INFO] : Mouse : 0,0
[06/05/15][00:20:44][INFO] : Chunk : 0,0
[06/05/15][00:20:44][INFO] : Tile : 27,4
[06/05/15][00:20:44][INFO] : Mouse : 0,0
[06/05/15][00:20:44][INFO] : Chunk : 0,0
[06/05/15][00:20:44][INFO] : Tile : 27,5
[06/05/15][00:20:45][INFO] : Mouse : 0,0
[06/05/15][00:20:45][INFO] : Chunk : 0,0
[06/05/15][00:20:45][INFO] : Tile : 27,7
[06/05/15][00:20:45][INFO] : Mouse : 0,0
[06/05/15][00:20:45][INFO] : Chunk : 0,0
[06/05/15][00:20:45][INFO] : Tile : 27,9
[06/05/15][00:20:45][INFO] : Mouse : 0,0
[06/05/15][00:20:45][INFO] : Chunk : 0,0
[06/05/15][00:20:45][INFO] : Tile : 27,7
[06/05/15][00:20:45][INFO] : Mouse : 0,0
[06/05/15][00:20:45][INFO] : Chunk : 0,0
[06/05/15][00:20:45][INFO] : Tile : 27,7
[06/05/15][00:20:46][INFO] : Mouse : 0,0
[06/05/15][00:20:46][INFO] : Chunk : 0,0
[06/05/15][00:20:46][INFO] : Tile : 27,6
[06/05/15][00:20:46][INFO] : Mouse : 0,0
[06/05/15][00:20:46][INFO] : Chunk : 0,0
[06/05/15][00:20:46][INFO] : Tile : 28,7
[06/05/15][00:20:46][INFO] : Mouse : 0,0
[06/05/15][00:20:46][INFO] : Chunk : 0,0
[06/05/15][00:20:46][INFO] : Tile : 28,7
[06/05/15][00:20:46][INFO] : Mouse : 0,0
[06/05/15][00:20:46][INFO] : Chunk : 0,0
[06/05/15][00:20:46][INFO] : Tile : 27,8
[06/05/15][00:20:47][INFO] : Mouse : 0,0
[06/05/15][00:20:47][INFO] : Chunk : 0,0
[06/05/15][00:20:47][INFO] : Tile : 28,8
[06/05/15][00:20:47][INFO] : Mouse : 0,0
[06/05/15][00:20:47][INFO] : Chunk : 0,0
[06/05/15][00:20:47][INFO] : Tile : 28,8
[06/05/15][00:20:47][INFO] : Mouse : 0,0
[06/05/15][00:20:47][INFO] : Chunk : 0,0
[06/05/15][00:20:47][INFO] : Tile : 28,9
[06/05/15][00:20:48][INFO] : Mouse : 0,0
[06/05/15][00:20:48][INFO] : Chunk : 0,0
[06/05/15][00:20:48][INFO] : Tile : 29,8
[06/05/15][00:20:48][INFO] : Mouse : 0,0
[06/05/15][00:20:48][INFO] : Chunk : 0,0
[06/05/15][00:20:48][INFO] : Tile : 29,8
[06/05/15][00:20:48][INFO] : Mouse : 0,0
[06/05/15][00:20:48][INFO] : Chunk : 0,0
[06/05/15][00:20:48][INFO] : Tile : 29,7
[06/05/15][00:20:48][INFO] : Mouse : 0,0
[06/05/15][00:20:48][INFO] : Chunk : 0,0
[06/05/15][00:20:48][INFO] : Tile : 29,6
[06/05/15][00:20:48][INFO] : Mouse : 0,0
[06/05/15][00:20:48][INFO] : Chunk : 0,0
[06/05/15][00:20:48][INFO] : Tile : 29,6
[06/05/15][00:20:49][INFO] : Mouse : 0,0
[06/05/15][00:20:49][INFO] : Chunk : 0,0
[06/05/15][00:20:49][INFO] : Tile : 31,7
[06/05/15][00:20:49][INFO] : Mouse : 0,0
[06/05/15][00:20:49][INFO] : Chunk : 0,0
[06/05/15][00:20:49][INFO] : Tile : 30,7
[06/05/15][00:20:49][INFO] : Mouse : 0,0
[06/05/15][00:20:49][INFO] : Chunk : 0,0
[06/05/15][00:20:49][INFO] : Tile : 31,8
[06/05/15][00:20:50][INFO] : Mouse : 0,0
[06/05/15][00:20:50][INFO] : Chunk : 0,0
[06/05/15][00:20:50][INFO] : Tile : 31,8
[06/05/15][00:20:50][INFO] : Mouse : 0,0
[06/05/15][00:20:50][INFO] : Chunk : 0,0
[06/05/15][00:20:50][INFO] : Tile : 31,9
[06/05/15][00:20:50][INFO] : Mouse : 0,0
[06/05/15][00:20:50][INFO] : Chunk : 0,0
[06/05/15][00:20:50][INFO] : Tile : 31,9
[06/05/15][00:20:50][INFO] : Mouse : 0,0
[06/05/15][00:20:50][INFO] : Chunk : 0,0
[06/05/15][00:20:50][INFO] : Tile : 30,9
[06/05/15][00:20:50][INFO] : Mouse : 0,0
[06/05/15][00:20:50][INFO] : Chunk : 0,0
[06/05/15][00:20:50][INFO] : Tile : 31,10
[06/05/15][00:20:51][INFO] : Mouse : 0,0
[06/05/15][00:20:51][INFO] : Chunk : 0,0
[06/05/15][00:20:51][INFO] : Tile : 31,10
[06/05/15][00:20:51][INFO] : Mouse : 0,0
[06/05/15][00:20:51][INFO] : Chunk : 0,0
[06/05/15][00:20:51][INFO] : Tile : 31,13
[06/05/15][00:20:51][INFO] : Mouse : 0,0
[06/05/15][00:20:51][INFO] : Chunk : 0,0
[06/05/15][00:20:51][INFO] : Tile : 31,11
[06/05/15][00:20:51][INFO] : Mouse : 0,0
[06/05/15][00:20:51][INFO] : Chunk : 0,0
[06/05/15][00:20:51][INFO] : Tile : 31,12
[06/05/15][00:20:52][INFO] : Mouse : 0,0
[06/05/15][00:20:52][INFO] : Chunk : 0,0
[06/05/15][00:20:52][INFO] : Tile : 30,12
[06/05/15][00:20:52][INFO] : Mouse : 0,0
[06/05/15][00:20:52][INFO] : Chunk : 0,0
[06/05/15][00:20:52][INFO] : Tile : 30,12
[06/05/15][00:20:52][INFO] : Mouse : 0,0
[06/05/15][00:20:52][INFO] : Chunk : 0,0
[06/05/15][00:20:52][INFO] : Tile : 30,11
[06/05/15][00:20:52][INFO] : Mouse : 0,0
[06/05/15][00:20:52][INFO] : Chunk : 0,0
[06/05/15][00:20:52][INFO] : Tile : 30,11
[06/05/15][00:20:52][INFO] : Mouse : 0,0
[06/05/15][00:20:52][INFO] : Chunk : 0,0
[06/05/15][00:20:52][INFO] : Tile : 30,15
[06/05/15][00:20:53][INFO] : Mouse : 0,0
[06/05/15][00:20:53][INFO] : Chunk : 0,0
[06/05/15][00:20:53][INFO] : Tile : 30,15
[06/05/15][00:20:53][INFO] : Mouse : 0,0
[06/05/15][00:20:53][INFO] : Chunk : 0,0
[06/05/15][00:20:53][INFO] : Tile : 30,14
[06/05/15][00:20:53][INFO] : Mouse : 0,0
[06/05/15][00:20:53][INFO] : Chunk : 0,0
[06/05/15][00:20:53][INFO] : Tile : 30,14
[06/05/15][00:20:53][INFO] : Mouse : 0,0
[06/05/15][00:20:53][INFO] : Chunk : 0,0
[06/05/15][00:20:53][INFO] : Tile : 30,14
[06/05/15][00:20:54][INFO] : Mouse : 0,0
[06/05/15][00:20:54][INFO] : Chunk : 0,0
[06/05/15][00:20:54][INFO] : Tile : 31,14
[06/05/15][00:20:54][INFO] : Mouse : 0,0
[06/05/15][00:20:54][INFO] : Chunk : 0,0
[06/05/15][00:20:54][INFO] : Tile : 30,13
[06/05/15][00:20:54][INFO] : Mouse : 0,0
[06/05/15][00:20:54][INFO] : Chunk : 0,0
[06/05/15][00:20:54][INFO] : Tile : 30,13
[06/05/15][00:20:54][INFO] : Mouse : 0,0
[06/05/15][00:20:54][INFO] : Chunk : 0,0
[06/05/15][00:20:54][INFO] : Tile : 31,15
[06/05/15][00:20:54][INFO] : Mouse : 0,0
[06/05/15][00:20:54][INFO] : Chunk : 0,0
[06/05/15][00:20:54][INFO] : Tile : 31,15
[06/05/15][00:20:55][INFO] : Mouse : 0,0
[06/05/15][00:20:55][INFO] : Chunk : 0,0
[06/05/15][00:20:55][INFO] : Tile : 31,16
[06/05/15][00:20:55][INFO] : Mouse : 0,0
[06/05/15][00:20:55][INFO] : Chunk : 0,0
[06/05/15][00:20:55][INFO] : Tile : 31,17
[06/05/15][00:20:55][INFO] : Mouse : 0,0
[06/05/15][00:20:55][INFO] : Chunk : 0,0
[06/05/15][00:20:55][INFO] : Tile : 31,17
[06/05/15][00:20:55][INFO] : Mouse : 0,0
[06/05/15][00:20:55][INFO] : Chunk : 0,0
[06/05/15][00:20:55][INFO] : Tile : 30,17
[06/05/15][00:20:55][INFO] : Mouse : 0,0
[06/05/15][00:20:55][INFO] : Chunk : 0,0
[06/05/15][00:20:55][INFO] : Tile : 30,17
[06/05/15][00:20:56][INFO] : Mouse : 0,0
[06/05/15][00:20:56][INFO] : Chunk : 0,0
[06/05/15][00:20:56][INFO] : Tile : 30,18
[06/05/15][00:20:56][INFO] : Mouse : 0,0
[06/05/15][00:20:56][INFO] : Chunk : 0,0
[06/05/15][00:20:56][INFO] : Tile : 30,20
[06/05/15][00:20:56][INFO] : Mouse : 0,0
[06/05/15][00:20:56][INFO] : Chunk : 0,0
[06/05/15][00:20:56][INFO] : Tile : 31,19
[06/05/15][00:20:56][INFO] : Mouse : 0,0
[06/05/15][00:20:56][INFO] : Chunk : 0,0
[06/05/15][00:20:56][INFO] : Tile : 31,18
[06/05/15][00:20:57][INFO] : Mouse : 0,0
[06/05/15][00:20:57][INFO] : Chunk : 0,0
[06/05/15][00:20:57][INFO] : Tile : 31,18
[06/05/15][00:20:57][INFO] : Mouse : 0,0
[06/05/15][00:20:57][INFO] : Chunk : 0,0
[06/05/15][00:20:57][INFO] : Tile : 30,19
[06/05/15][00:20:57][INFO] : Mouse : 0,0
[06/05/15][00:20:57][INFO] : Chunk : 0,0
[06/05/15][00:20:57][INFO] : Tile : 28,19
[06/05/15][00:20:57][INFO] : Mouse : 0,0
[06/05/15][00:20:57][INFO] : Chunk : 0,0
[06/05/15][00:20:57][INFO] : Tile : 29,19
[06/05/15][00:20:58][INFO] : Mouse : 0,0
[06/05/15][00:20:58][INFO] : Chunk : 0,0
[06/05/15][00:20:58][INFO] : Tile : 29,19
[06/05/15][00:20:58][INFO] : Mouse : 0,0
[06/05/15][00:20:58][INFO] : Chunk : 0,0
[06/05/15][00:20:58][INFO] : Tile : 29,22
[06/05/15][00:20:58][INFO] : Mouse : 0,0
[06/05/15][00:20:58][INFO] : Chunk : 0,0
[06/05/15][00:20:58][INFO] : Tile : 29,21
[06/05/15][00:20:58][INFO] : Mouse : 0,0
[06/05/15][00:20:58][INFO] : Chunk : 0,0
[06/05/15][00:20:58][INFO] : Tile : 29,21
[06/05/15][00:20:58][INFO] : Mouse : 0,0
[06/05/15][00:20:58][INFO] : Chunk : 0,0
[06/05/15][00:20:58][INFO] : Tile : 30,21
[06/05/15][00:20:59][INFO] : Mouse : 0,0
[06/05/15][00:20:59][INFO] : Chunk : 0,0
[06/05/15][00:20:59][INFO] : Tile : 31,21
[06/05/15][00:20:59][INFO] : Mouse : 0,0
[06/05/15][00:20:59][INFO] : Chunk : 0,0
[06/05/15][00:20:59][INFO] : Tile : 31,21
[06/05/15][00:20:59][INFO] : Mouse : 0,0
[06/05/15][00:20:59][INFO] : Chunk : 0,0
[06/05/15][00:20:59][INFO] : Tile : 31,22
[06/05/15][00:20:59][INFO] : Mouse : 0,0
[06/05/15][00:20:59][INFO] : Chunk : 0,0
[06/05/15][00:20:59][INFO] : Tile : 30,23
[06/05/15][00:21:00][INFO] : Mouse : 0,0
[06/05/15][00:21:00][INFO] : Chunk : 0,0
[06/05/15][00:21:00][INFO] : Tile : 30,23
[06/05/15][00:21:00][INFO] : Mouse : 0,0
[06/05/15][00:21:00][INFO] : Chunk : 0,0
[06/05/15][00:21:00][INFO] : Tile : 29,23
[06/05/15][00:21:00][INFO] : Mouse : 0,0
[06/05/15][00:21:00][INFO] : Chunk : 0,0
[06/05/15][00:21:00][INFO] : Tile : 29,24
[06/05/15][00:21:00][INFO] : Mouse : 0,0
[06/05/15][00:21:00][INFO] : Chunk : 0,0
[06/05/15][00:21:00][INFO] : Tile : 30,24
[06/05/15][00:21:01][INFO] : Mouse : 0,0
[06/05/15][00:21:01][INFO] : Chunk : 0,0
[06/05/15][00:21:01][INFO] : Tile : 30,24
[06/05/15][00:21:01][INFO] : Mouse : 0,0
[06/05/15][00:21:01][INFO] : Chunk : 0,0
[06/05/15][00:21:01][INFO] : Tile : 30,25
[06/05/15][00:21:02][INFO] : Mouse : 0,0
[06/05/15][00:21:02][INFO] : Chunk : 0,0
[06/05/15][00:21:02][INFO] : Tile : 29,26
[06/05/15][00:21:02][INFO] : Mouse : 0,0
[06/05/15][00:21:02][INFO] : Chunk : 0,0
[06/05/15][00:21:02][INFO] : Tile : 29,26
[06/05/15][00:21:02][INFO] : Mouse : 0,0
[06/05/15][00:21:02][INFO] : Chunk : 0,0
[06/05/15][00:21:02][INFO] : Tile : 29,27
[06/05/15][00:21:02][INFO] : Mouse : 0,0
[06/05/15][00:21:02][INFO] : Chunk : 0,0
[06/05/15][00:21:02][INFO] : Tile : 29,28
[06/05/15][00:21:03][INFO] : Mouse : 0,0
[06/05/15][00:21:03][INFO] : Chunk : 0,0
[06/05/15][00:21:03][INFO] : Tile : 29,29
[06/05/15][00:21:03][INFO] : Mouse : 0,0
[06/05/15][00:21:03][INFO] : Chunk : 0,0
[06/05/15][00:21:03][INFO] : Tile : 29,29
[06/05/15][00:21:03][INFO] : Mouse : 0,0
[06/05/15][00:21:03][INFO] : Chunk : 0,0
[06/05/15][00:21:03][INFO] : Tile : 29,30
[06/05/15][00:21:03][INFO] : Mouse : 0,0
[06/05/15][00:21:03][INFO] : Chunk : 0,0
[06/05/15][00:21:03][INFO] : Tile : 29,31
[06/05/15][00:21:03][INFO] : Mouse : 0,0
[06/05/15][00:21:03][INFO] : Chunk : 0,0
[06/05/15][00:21:03][INFO] : Tile : 29,31
[06/05/15][00:21:04][INFO] : Mouse : 0,0
[06/05/15][00:21:04][INFO] : Chunk : 0,0
[06/05/15][00:21:04][INFO] : Tile : 30,31
[06/05/15][00:21:04][INFO] : Mouse : 0,0
[06/05/15][00:21:04][INFO] : Chunk : 0,0
[06/05/15][00:21:04][INFO] : Tile : 30,31
[06/05/15][00:21:04][INFO] : Mouse : 0,0
[06/05/15][00:21:04][INFO] : Chunk : 0,0
[06/05/15][00:21:04][INFO] : Tile : 31,30
[06/05/15][00:21:04][INFO] : Mouse : 0,0
[06/05/15][00:21:04][INFO] : Chunk : 0,0
[06/05/15][00:21:04][INFO] : Tile : 31,30
[06/05/15][00:21:05][INFO] : Mouse : 0,0
[06/05/15][00:21:05][INFO] : Chunk : 0,0
[06/05/15][00:21:05][INFO] : Tile : 30,30
[06/05/15][00:21:05][INFO] : Mouse : 0,0
[06/05/15][00:21:05][INFO] : Chunk : 0,0
[06/05/15][00:21:05][INFO] : Tile : 31,31
[06/05/15][00:21:06][INFO] : Mouse : 0,0
[06/05/15][00:21:06][INFO] : Chunk : 0,0
[06/05/15][00:21:06][INFO] : Tile : 31,29
[06/05/15][00:21:06][INFO] : Mouse : 0,0
[06/05/15][00:21:06][INFO] : Chunk : 0,0
[06/05/15][00:21:06][INFO] : Tile : 30,29
[06/05/15][00:21:06][INFO] : Mouse : 0,0
[06/05/15][00:21:06][INFO] : Chunk : 0,0
[06/05/15][00:21:06][INFO] : Tile : 30,29
[06/05/15][00:21:06][INFO] : Mouse : 0,0
[06/05/15][00:21:06][INFO] : Chunk : 0,0
[06/05/15][00:21:06][INFO] : Tile : 30,28
[06/05/15][00:21:09][INFO] : Mouse : 0,0
[06/05/15][00:21:09][INFO] : Chunk : 0,0
[06/05/15][00:21:09][INFO] : Tile : 31,27
[06/05/15][00:21:09][INFO] : Mouse : 0,0
[06/05/15][00:21:09][INFO] : Chunk : 0,0
[06/05/15][00:21:09][INFO] : Tile : 31,27
[06/05/15][00:21:09][INFO] : Mouse : 0,0
[06/05/15][00:21:09][INFO] : Chunk : 0,0
[06/05/15][00:21:09][INFO] : Tile : 31,28
[06/05/15][00:21:10][INFO] : Mouse : 0,0
[06/05/15][00:21:10][INFO] : Chunk : 0,0
[06/05/15][00:21:10][INFO] : Tile : 30,29
[06/05/15][00:21:10][INFO] : Mouse : 0,0
[06/05/15][00:21:10][INFO] : Chunk : 0,0
[06/05/15][00:21:10][INFO] : Tile : 30,29
[06/05/15][00:21:10][INFO] : Mouse : 0,0
[06/05/15][00:21:10][INFO] : Chunk : 0,0
[06/05/15][00:21:10][INFO] : Tile : 28,30
[06/05/15][00:21:11][INFO] : Mouse : 0,0
[06/05/15][00:21:11][INFO] : Chunk : 0,0
[06/05/15][00:21:11][INFO] : Tile : 28,31
[06/05/15][00:21:11][INFO] : Mouse : 0,0
[06/05/15][00:21:11][INFO] : Chunk : 0,0
[06/05/15][00:21:11][INFO] : Tile : 28,31
[06/05/15][00:21:11][INFO] : Mouse : 0,0
[06/05/15][00:21:11][INFO] : Chunk : 0,0
[06/05/15][00:21:11][INFO] : Tile : 26,31
[06/05/15][00:21:11][INFO] : Mouse : 0,0
[06/05/15][00:21:11][INFO] : Chunk : 0,0
[06/05/15][00:21:11][INFO] : Tile : 25,31
[06/05/15][00:21:11][INFO] : Mouse : 0,0
[06/05/15][00:21:11][INFO] : Chunk : 0,0
[06/05/15][00:21:11][INFO] : Tile : 25,31
[06/05/15][00:21:12][INFO] : Mouse : 0,0
[06/05/15][00:21:12][INFO] : Chunk : 0,0
[06/05/15][00:21:12][INFO] : Tile : 26,31
[06/05/15][00:21:12][INFO] : Mouse : 0,0
[06/05/15][00:21:12][INFO] : Chunk : 0,0
[06/05/15][00:21:12][INFO] : Tile : 27,31
[06/05/15][00:21:12][INFO] : Mouse : 0,0
[06/05/15][00:21:12][INFO] : Chunk : 0,0
[06/05/15][00:21:12][INFO] : Tile : 27,31
[06/05/15][00:21:12][INFO] : Mouse : 0,0
[06/05/15][00:21:12][INFO] : Chunk : 0,0
[06/05/15][00:21:12][INFO] : Tile : 26,31
[06/05/15][00:21:12][INFO] : Mouse : 0,0
[06/05/15][00:21:12][INFO] : Chunk : 0,0
[06/05/15][00:21:12][INFO] : Tile : 23,31
[06/05/15][00:21:13][INFO] : Mouse : 0,0
[06/05/15][00:21:13][INFO] : Chunk : 0,0
[06/05/15][00:21:13][INFO] : Tile : 22,31
[06/05/15][00:21:13][INFO] : Mouse : 0,0
[06/05/15][00:21:13][INFO] : Chunk : 0,0
[06/05/15][00:21:13][INFO] : Tile : 23,31
[06/05/15][00:21:13][INFO] : Mouse : 0,0
[06/05/15][00:21:13][INFO] : Chunk : 0,0
[06/05/15][00:21:13][INFO] : Tile : 21,31
[06/05/15][00:21:13][INFO] : Mouse : 0,0
[06/05/15][00:21:13][INFO] : Chunk : 0,0
[06/05/15][00:21:13][INFO] : Tile : 19,31
[06/05/15][00:21:13][INFO] : Mouse : 0,0
[06/05/15][00:21:13][INFO] : Chunk : 0,0
[06/05/15][00:21:13][INFO] : Tile : 19,31
[06/05/15][00:21:14][INFO] : Mouse : 0,0
[06/05/15][00:21:14][INFO] : Chunk : 0,0
[06/05/15][00:21:14][INFO] : Tile : 18,31
[06/05/15][00:21:14][INFO] : Mouse : 0,0
[06/05/15][00:21:14][INFO] : Chunk : 0,0
[06/05/15][00:21:14][INFO] : Tile : 16,31
[06/05/15][00:21:14][INFO] : Mouse : 0,0
[06/05/15][00:21:14][INFO] : Chunk : 0,0
[06/05/15][00:21:14][INFO] : Tile : 17,31
[06/05/15][00:21:14][INFO] : Mouse : 0,0
[06/05/15][00:21:14][INFO] : Chunk : 0,0
[06/05/15][00:21:14][INFO] : Tile : 17,31
[06/05/15][00:21:14][INFO] : Mouse : 0,0
[06/05/15][00:21:14][INFO] : Chunk : 0,0
[06/05/15][00:21:14][INFO] : Tile : 17,30
[06/05/15][00:21:15][INFO] : Mouse : 0,0
[06/05/15][00:21:15][INFO] : Chunk : 0,0
[06/05/15][00:21:15][INFO] : Tile : 18,30
[06/05/15][00:21:15][INFO] : Mouse : 0,0
[06/05/15][00:21:15][INFO] : Chunk : 0,0
[06/05/15][00:21:15][INFO] : Tile : 18,29
[06/05/15][00:21:15][INFO] : Mouse : 0,0
[06/05/15][00:21:15][INFO] : Chunk : 0,0
[06/05/15][00:21:15][INFO] : Tile : 17,29
[06/05/15][00:21:15][INFO] : Mouse : 0,0
[06/05/15][00:21:15][INFO] : Chunk : 0,0
[06/05/15][00:21:15][INFO] : Tile : 19,29
[06/05/15][00:21:16][INFO] : Mouse : 0,0
[06/05/15][00:21:16][INFO] : Chunk : 0,0
[06/05/15][00:21:16][INFO] : Tile : 21,29
[06/05/15][00:21:16][INFO] : Mouse : 0,0
[06/05/15][00:21:16][INFO] : Chunk : 0,0
[06/05/15][00:21:16][INFO] : Tile : 20,29
[06/05/15][00:21:16][INFO] : Mouse : 0,0
[06/05/15][00:21:16][INFO] : Chunk : 0,0
[06/05/15][00:21:16][INFO] : Tile : 22,29
[06/05/15][00:21:16][INFO] : Mouse : 0,0
[06/05/15][00:21:16][INFO] : Chunk : 0,0
[06/05/15][00:21:16][INFO] : Tile : 26,29
[06/05/15][00:21:16][INFO] : Mouse : 0,0
[06/05/15][00:21:16][INFO] : Chunk : 0,0
[06/05/15][00:21:16][INFO] : Tile : 26,29
[06/05/15][00:21:17][INFO] : Mouse : 0,0
[06/05/15][00:21:17][INFO] : Chunk : 0,0
[06/05/15][00:21:17][INFO] : Tile : 28,29
[06/05/15][00:21:17][INFO] : Mouse : 0,0
[06/05/15][00:21:17][INFO] : Chunk : 0,0
[06/05/15][00:21:17][INFO] : Tile : 28,29
[06/05/15][00:21:17][INFO] : Mouse : 0,0
[06/05/15][00:21:17][INFO] : Chunk : 0,0
[06/05/15][00:21:17][INFO] : Tile : 27,29
[06/05/15][00:21:17][INFO] : Mouse : 0,0
[06/05/15][00:21:17][INFO] : Chunk : 0,0
[06/05/15][00:21:17][INFO] : Tile : 26,29
[06/05/15][00:21:18][INFO] : Mouse : 0,0
[06/05/15][00:21:18][INFO] : Chunk : 0,0
[06/05/15][00:21:18][INFO] : Tile : 25,29
[06/05/15][00:21:18][INFO] : Mouse : 0,0
[06/05/15][00:21:18][INFO] : Chunk : 0,0
[06/05/15][00:21:18][INFO] : Tile : 24,29
[06/05/15][00:21:18][INFO] : Mouse : 0,0
[06/05/15][00:21:18][INFO] : Chunk : 0,0
[06/05/15][00:21:18][INFO] : Tile : 24,29
[06/05/15][00:21:18][INFO] : Mouse : 0,0
[06/05/15][00:21:18][INFO] : Chunk : 0,0
[06/05/15][00:21:18][INFO] : Tile : 23,29
[06/05/15][00:21:19][INFO] : Mouse : 0,0
[06/05/15][00:21:19][INFO] : Chunk : 0,0
[06/05/15][00:21:19][INFO] : Tile : 23,30
[06/05/15][00:21:19][INFO] : Mouse : 0,0
[06/05/15][00:21:19][INFO] : Chunk : 0,0
[06/05/15][00:21:19][INFO] : Tile : 23,30
[06/05/15][00:21:19][INFO] : Mouse : 0,0
[06/05/15][00:21:19][INFO] : Chunk : 0,0
[06/05/15][00:21:19][INFO] : Tile : 25,30
[06/05/15][00:21:19][INFO] : Mouse : 0,0
[06/05/15][00:21:19][INFO] : Chunk : 0,0
[06/05/15][00:21:19][INFO] : Tile : 26,30
[06/05/15][00:21:19][INFO] : Mouse : 0,0
[06/05/15][00:21:19][INFO] : Chunk : 0,0
[06/05/15][00:21:19][INFO] : Tile : 27,30
[06/05/15][00:21:20][INFO] : Mouse : 0,0
[06/05/15][00:21:20][INFO] : Chunk : 0,0
[06/05/15][00:21:20][INFO] : Tile : 25,30
[06/05/15][00:21:20][INFO] : Mouse : 0,0
[06/05/15][00:21:20][INFO] : Chunk : 0,0
[06/05/15][00:21:20][INFO] : Tile : 22,30
[06/05/15][00:21:20][INFO] : Mouse : 0,0
[06/05/15][00:21:20][INFO] : Chunk : 0,0
[06/05/15][00:21:20][INFO] : Tile : 21,30
[06/05/15][00:21:21][INFO] : Mouse : 0,0
[06/05/15][00:21:21][INFO] : Chunk : 0,0
[06/05/15][00:21:21][INFO] : Tile : 21,30
[06/05/15][00:21:21][INFO] : Mouse : 0,0
[06/05/15][00:21:21][INFO] : Chunk : 0,0
[06/05/15][00:21:21][INFO] : Tile : 20,30
[06/05/15][00:21:21][INFO] : Mouse : 0,0
[06/05/15][00:21:21][INFO] : Chunk : 0,0
[06/05/15][00:21:21][INFO] : Tile : 17,30
[06/05/15][00:21:21][INFO] : Mouse : 0,0
[06/05/15][00:21:21][INFO] : Chunk : 0,0
[06/05/15][00:21:21][INFO] : Tile : 14,29
[06/05/15][00:21:21][INFO] : Mouse : 0,0
[06/05/15][00:21:21][INFO] : Chunk : 0,0
[06/05/15][00:21:21][INFO] : Tile : 16,29
[06/05/15][00:21:22][INFO] : Mouse : 0,0
[06/05/15][00:21:22][INFO] : Chunk : 0,0
[06/05/15][00:21:22][INFO] : Tile : 15,29
[06/05/15][00:21:22][INFO] : Mouse : 0,0
[06/05/15][00:21:22][INFO] : Chunk : 0,0
[06/05/15][00:21:22][INFO] : Tile : 14,29
[06/05/15][00:21:22][INFO] : Mouse : 0,0
[06/05/15][00:21:22][INFO] : Chunk : 0,0
[06/05/15][00:21:22][INFO] : Tile : 12,29
[06/05/15][00:21:22][INFO] : Mouse : 0,0
[06/05/15][00:21:22][INFO] : Chunk : 0,0
[06/05/15][00:21:22][INFO] : Tile : 12,29
[06/05/15][00:21:22][INFO] : Mouse : 0,0
[06/05/15][00:21:22][INFO] : Chunk : 0,0
[06/05/15][00:21:22][INFO] : Tile : 12,31
[06/05/15][00:21:23][INFO] : Mouse : 0,0
[06/05/15][00:21:23][INFO] : Chunk : 0,0
[06/05/15][00:21:23][INFO] : Tile : 12,31
[06/05/15][00:21:23][INFO] : Mouse : 0,0
[06/05/15][00:21:23][INFO] : Chunk : 0,0
[06/05/15][00:21:23][INFO] : Tile : 13,31
[06/05/15][00:21:23][INFO] : Mouse : 0,0
[06/05/15][00:21:23][INFO] : Chunk : 0,0
[06/05/15][00:21:23][INFO] : Tile : 13,30
[06/05/15][00:21:23][INFO] : Mouse : 0,0
[06/05/15][00:21:23][INFO] : Chunk : 0,0
[06/05/15][00:21:23][INFO] : Tile : 13,29
[06/05/15][00:21:23][INFO] : Mouse : 0,0
[06/05/15][00:21:23][INFO] : Chunk : 0,0
[06/05/15][00:21:23][INFO] : Tile : 14,30
[06/05/15][00:21:24][INFO] : Mouse : 0,0
[06/05/15][00:21:24][INFO] : Chunk : 0,0
[06/05/15][00:21:24][INFO] : Tile : 15,31
[06/05/15][00:21:24][INFO] : Mouse : 0,0
[06/05/15][00:21:24][INFO] : Chunk : 0,0
[06/05/15][00:21:24][INFO] : Tile : 15,31
[06/05/15][00:21:24][INFO] : Mouse : 0,0
[06/05/15][00:21:24][INFO] : Chunk : 0,0
[06/05/15][00:21:24][INFO] : Tile : 10,31
[06/05/15][00:21:25][INFO] : Mouse : 0,0
[06/05/15][00:21:25][INFO] : Chunk : 0,0
[06/05/15][00:21:25][INFO] : Tile : 11,31
[06/05/15][00:21:25][INFO] : Mouse : 0,0
[06/05/15][00:21:25][INFO] : Chunk : 0,0
[06/05/15][00:21:25][INFO] : Tile : 11,30
[06/05/15][00:21:25][INFO] : Mouse : 0,0
[06/05/15][00:21:25][INFO] : Chunk : 0,0
[06/05/15][00:21:25][INFO] : Tile : 11,30
[06/05/15][00:21:25][INFO] : Mouse : 0,0
[06/05/15][00:21:25][INFO] : Chunk : 0,0
[06/05/15][00:21:25][INFO] : Tile : 11,29
[06/05/15][00:21:25][INFO] : Mouse : 0,0
[06/05/15][00:21:25][INFO] : Chunk : 0,0
[06/05/15][00:21:25][INFO] : Tile : 10,29
[06/05/15][00:21:26][INFO] : Mouse : 0,0
[06/05/15][00:21:26][INFO] : Chunk : 0,0
[06/05/15][00:21:26][INFO] : Tile : 8,29
[06/05/15][00:21:26][INFO] : Mouse : 0,0
[06/05/15][00:21:26][INFO] : Chunk : 0,0
[06/05/15][00:21:26][INFO] : Tile : 9,29
[06/05/15][00:21:26][INFO] : Mouse : 0,0
[06/05/15][00:21:26][INFO] : Chunk : 0,0
[06/05/15][00:21:26][INFO] : Tile : 9,29
[06/05/15][00:21:26][INFO] : Mouse : 0,0
[06/05/15][00:21:26][INFO] : Chunk : 0,0
[06/05/15][00:21:26][INFO] : Tile : 9,31
[06/05/15][00:21:26][INFO] : Mouse : 0,0
[06/05/15][00:21:26][INFO] : Chunk : 0,0
[06/05/15][00:21:26][INFO] : Tile : 9,31
[06/05/15][00:21:27][INFO] : Mouse : 0,0
[06/05/15][00:21:27][INFO] : Chunk : 0,0
[06/05/15][00:21:27][INFO] : Tile : 9,30
[06/05/15][00:21:27][INFO] : Mouse : 0,0
[06/05/15][00:21:27][INFO] : Chunk : 0,0
[06/05/15][00:21:27][INFO] : Tile : 9,30
[06/05/15][00:21:27][INFO] : Mouse : 0,0
[06/05/15][00:21:27][INFO] : Chunk : 0,0
[06/05/15][00:21:27][INFO] : Tile : 8,30
[06/05/15][00:21:27][INFO] : Mouse : 0,0
[06/05/15][00:21:27][INFO] : Chunk : 0,0
[06/05/15][00:21:27][INFO] : Tile : 8,31
[06/05/15][00:21:28][INFO] : Mouse : 0,0
[06/05/15][00:21:28][INFO] : Chunk : 0,0
[06/05/15][00:21:28][INFO] : Tile : 7,31
[06/05/15][00:21:28][INFO] : Mouse : 0,0
[06/05/15][00:21:28][INFO] : Chunk : 0,0
[06/05/15][00:21:28][INFO] : Tile : 7,30
[06/05/15][00:21:28][INFO] : Mouse : 0,0
[06/05/15][00:21:28][INFO] : Chunk : 0,0
[06/05/15][00:21:28][INFO] : Tile : 7,29
[06/05/15][00:21:28][INFO] : Mouse : 0,0
[06/05/15][00:21:28][INFO] : Chunk : 0,0
[06/05/15][00:21:28][INFO] : Tile : 7,30
[06/05/15][00:21:28][INFO] : Mouse : 0,0
[06/05/15][00:21:28][INFO] : Chunk : 0,0
[06/05/15][00:21:28][INFO] : Tile : 4,29
[06/05/15][00:21:29][INFO] : Mouse : 0,0
[06/05/15][00:21:29][INFO] : Chunk : 0,0
[06/05/15][00:21:29][INFO] : Tile : 4,29
[06/05/15][00:21:29][INFO] : Mouse : 0,0
[06/05/15][00:21:29][INFO] : Chunk : 0,0
[06/05/15][00:21:29][INFO] : Tile : 5,29
[06/05/15][00:21:29][INFO] : Mouse : 0,0
[06/05/15][00:21:29][INFO] : Chunk : 0,0
[06/05/15][00:21:29][INFO] : Tile : 4,30
[06/05/15][00:21:29][INFO] : Mouse : 0,0
[06/05/15][00:21:29][INFO] : Chunk : 0,0
[06/05/15][00:21:29][INFO] : Tile : 4,30
[06/05/15][00:21:30][INFO] : Mouse : 0,0
[06/05/15][00:21:30][INFO] : Chunk : 0,0
[06/05/15][00:21:30][INFO] : Tile : 5,31
[06/05/15][00:21:30][INFO] : Mouse : 0,0
[06/05/15][00:21:30][INFO] : Chunk : 0,0
[06/05/15][00:21:30][INFO] : Tile : 6,31
[06/05/15][00:21:30][INFO] : Mouse : 0,0
[06/05/15][00:21:30][INFO] : Chunk : 0,0
[06/05/15][00:21:30][INFO] : Tile : 6,31
[06/05/15][00:21:30][INFO] : Mouse : 0,0
[06/05/15][00:21:30][INFO] : Chunk : 0,0
[06/05/15][00:21:30][INFO] : Tile : 6,31
[06/05/15][00:21:30][INFO] : Mouse : 0,0
[06/05/15][00:21:30][INFO] : Chunk : 0,0
[06/05/15][00:21:30][INFO] : Tile : 6,30
[06/05/15][00:21:31][INFO] : Mouse : 0,0
[06/05/15][00:21:31][INFO] : Chunk : 0,0
[06/05/15][00:21:31][INFO] : Tile : 2,29
[06/05/15][00:21:31][INFO] : Mouse : 0,0
[06/05/15][00:21:31][INFO] : Chunk : 0,0
[06/05/15][00:21:31][INFO] : Tile : 2,29
[06/05/15][00:21:31][INFO] : Mouse : 0,0
[06/05/15][00:21:31][INFO] : Chunk : 0,0
[06/05/15][00:21:31][INFO] : Tile : 1,29
[06/05/15][00:21:32][INFO] : Mouse : 0,0
[06/05/15][00:21:32][INFO] : Chunk : 0,0
[06/05/15][00:21:32][INFO] : Tile : 0,30
[06/05/15][00:21:32][INFO] : Mouse : 0,0
[06/05/15][00:21:32][INFO] : Chunk : 0,0
[06/05/15][00:21:32][INFO] : Tile : 0,30
[06/05/15][00:21:32][INFO] : Mouse : 0,0
[06/05/15][00:21:32][INFO] : Chunk : 0,0
[06/05/15][00:21:32][INFO] : Tile : 0,29
[06/05/15][00:21:33][INFO] : Mouse : 0,0
[06/05/15][00:21:33][INFO] : Chunk : 0,0
[06/05/15][00:21:33][INFO] : Tile : 0,29
[06/05/15][00:21:33][INFO] : Mouse : 0,0
[06/05/15][00:21:33][INFO] : Chunk : 0,0
[06/05/15][00:21:33][INFO] : Tile : 1,30
[06/05/15][00:21:33][INFO] : Mouse : 0,0
[06/05/15][00:21:33][INFO] : Chunk : 0,0
[06/05/15][00:21:33][INFO] : Tile : 1,30
[06/05/15][00:21:33][INFO] : Mouse : 0,0
[06/05/15][00:21:33][INFO] : Chunk : 0,0
[06/05/15][00:21:33][INFO] : Tile : 2,31
[06/05/15][00:21:33][INFO] : Mouse : 0,0
[06/05/15][00:21:33][INFO] : Chunk : 0,0
[06/05/15][00:21:33][INFO] : Tile : 3,31
[06/05/15][00:21:34][INFO] : Mouse : 0,0
[06/05/15][00:21:34][INFO] : Chunk : 0,0
[06/05/15][00:21:34][INFO] : Tile : 3,31
[06/05/15][00:21:34][INFO] : Mouse : 0,0
[06/05/15][00:21:34][INFO] : Chunk : 0,0
[06/05/15][00:21:34][INFO] : Tile : 1,27
[06/05/15][00:21:34][INFO] : Mouse : 0,0
[06/05/15][00:21:34][INFO] : Chunk : 0,0
[06/05/15][00:21:34][INFO] : Tile : 1,28
[06/05/15][00:21:34][INFO] : Mouse : 0,0
[06/05/15][00:21:34][INFO] : Chunk : 0,0
[06/05/15][00:21:34][INFO] : Tile : 1,28
[06/05/15][00:21:35][INFO] : Mouse : 0,0
[06/05/15][00:21:35][INFO] : Chunk : 0,0
[06/05/15][00:21:35][INFO] : Tile : 1,27
[06/05/15][00:21:35][INFO] : Mouse : 0,0
[06/05/15][00:21:35][INFO] : Chunk : 0,0
[06/05/15][00:21:35][INFO] : Tile : 0,27
[06/05/15][00:21:35][INFO] : Mouse : 0,0
[06/05/15][00:21:35][INFO] : Chunk : 0,0
[06/05/15][00:21:35][INFO] : Tile : 0,27
[06/05/15][00:21:35][INFO] : Mouse : 0,0
[06/05/15][00:21:35][INFO] : Chunk : 0,0
[06/05/15][00:21:35][INFO] : Tile : 1,26
[06/05/15][00:21:35][INFO] : Mouse : 0,0
[06/05/15][00:21:35][INFO] : Chunk : 0,0
[06/05/15][00:21:35][INFO] : Tile : 1,26
[06/05/15][00:21:36][INFO] : Mouse : 0,0
[06/05/15][00:21:36][INFO] : Chunk : 0,0
[06/05/15][00:21:36][INFO] : Tile : 2,26
[06/05/15][00:21:36][INFO] : Mouse : 0,0
[06/05/15][00:21:36][INFO] : Chunk : 0,0
[06/05/15][00:21:36][INFO] : Tile : 2,27
[06/05/15][00:21:36][INFO] : Mouse : 0,0
[06/05/15][00:21:36][INFO] : Chunk : 0,0
[06/05/15][00:21:36][INFO] : Tile : 2,27
[06/05/15][00:21:36][INFO] : Mouse : 0,0
[06/05/15][00:21:36][INFO] : Chunk : 0,0
[06/05/15][00:21:36][INFO] : Tile : 1,23
[06/05/15][00:21:37][INFO] : Mouse : 0,0
[06/05/15][00:21:37][INFO] : Chunk : 0,0
[06/05/15][00:21:37][INFO] : Tile : 1,25
[06/05/15][00:21:37][INFO] : Mouse : 0,0
[06/05/15][00:21:37][INFO] : Chunk : 0,0
[06/05/15][00:21:37][INFO] : Tile : 2,24
[06/05/15][00:21:37][INFO] : Mouse : 0,0
[06/05/15][00:21:37][INFO] : Chunk : 0,0
[06/05/15][00:21:37][INFO] : Tile : 2,23
[06/05/15][00:21:37][INFO] : Mouse : 0,0
[06/05/15][00:21:37][INFO] : Chunk : 0,0
[06/05/15][00:21:37][INFO] : Tile : 1,23
[06/05/15][00:21:38][INFO] : Mouse : 0,0
[06/05/15][00:21:38][INFO] : Chunk : 0,0
[06/05/15][00:21:38][INFO] : Tile : 0,24
[06/05/15][00:21:38][INFO] : Mouse : 0,0
[06/05/15][00:21:38][INFO] : Chunk : 0,0
[06/05/15][00:21:38][INFO] : Tile : 0,24
[06/05/15][00:21:38][INFO] : Mouse : 0,0
[06/05/15][00:21:38][INFO] : Chunk : 0,0
[06/05/15][00:21:38][INFO] : Tile : 0,24
[06/05/15][00:21:38][INFO] : Mouse : 0,0
[06/05/15][00:21:38][INFO] : Chunk : 0,0
[06/05/15][00:21:38][INFO] : Tile : 0,25
[06/05/15][00:21:38][INFO] : Mouse : 0,0
[06/05/15][00:21:38][INFO] : Chunk : 0,0
[06/05/15][00:21:38][INFO] : Tile : 0,25
[06/05/15][00:21:39][INFO] : Mouse : 0,0
[06/05/15][00:21:39][INFO] : Chunk : 0,0
[06/05/15][00:21:39][INFO] : Tile : 0,22
[06/05/15][00:21:39][INFO] : Mouse : 0,0
[06/05/15][00:21:39][INFO] : Chunk : 0,0
[06/05/15][00:21:39][INFO] : Tile : 0,22
[06/05/15][00:21:39][INFO] : Mouse : 0,0
[06/05/15][00:21:39][INFO] : Chunk : 0,0
[06/05/15][00:21:39][INFO] : Tile : 1,22
[06/05/15][00:21:39][INFO] : Mouse : 0,0
[06/05/15][00:21:39][INFO] : Chunk : 0,0
[06/05/15][00:21:39][INFO] : Tile : 0,23
[06/05/15][00:21:40][INFO] : Mouse : 0,0
[06/05/15][00:21:40][INFO] : Chunk : 0,0
[06/05/15][00:21:40][INFO] : Tile : 2,22
[06/05/15][00:21:40][INFO] : Mouse : 0,0
[06/05/15][00:21:40][INFO] : Chunk : 0,0
[06/05/15][00:21:40][INFO] : Tile : 2,22
[06/05/15][00:21:40][INFO] : Mouse : 0,0
[06/05/15][00:21:40][INFO] : Chunk : 0,0
[06/05/15][00:21:40][INFO] : Tile : 1,21
[06/05/15][00:21:40][INFO] : Mouse : 0,0
[06/05/15][00:21:40][INFO] : Chunk : 0,0
[06/05/15][00:21:40][INFO] : Tile : 1,21
[06/05/15][00:21:40][INFO] : Mouse : 0,0
[06/05/15][00:21:40][INFO] : Chunk : 0,0
[06/05/15][00:21:40][INFO] : Tile : 1,20
[06/05/15][00:21:41][INFO] : Mouse : 0,0
[06/05/15][00:21:41][INFO] : Chunk : 0,0
[06/05/15][00:21:41][INFO] : Tile : 1,20
[06/05/15][00:21:41][INFO] : Mouse : 0,0
[06/05/15][00:21:41][INFO] : Chunk : 0,0
[06/05/15][00:21:41][INFO] : Tile : 1,19
[06/05/15][00:21:41][INFO] : Mouse : 0,0
[06/05/15][00:21:41][INFO] : Chunk : 0,0
[06/05/15][00:21:41][INFO] : Tile : 0,20
[06/05/15][00:21:41][INFO] : Mouse : -1,0
[06/05/15][00:21:41][INFO] : Chunk : -1,0
[06/05/15][00:21:41][INFO] : Tile : 0,20
[06/05/15][00:21:42][INFO] : Mouse : 0,0
[06/05/15][00:21:42][INFO] : Chunk : 0,0
[06/05/15][00:21:42][INFO] : Tile : 2,20
[06/05/15][00:21:42][INFO] : Mouse : 0,0
[06/05/15][00:21:42][INFO] : Chunk : 0,0
[06/05/15][00:21:42][INFO] : Tile : 2,19
[06/05/15][00:21:42][INFO] : Mouse : 0,0
[06/05/15][00:21:42][INFO] : Chunk : 0,0
[06/05/15][00:21:42][INFO] : Tile : 2,18
[06/05/15][00:21:43][INFO] : Mouse : 0,0
[06/05/15][00:21:43][INFO] : Chunk : 0,0
[06/05/15][00:21:43][INFO] : Tile : 2,17
[06/05/15][00:21:43][INFO] : Mouse : 0,0
[06/05/15][00:21:43][INFO] : Chunk : 0,0
[06/05/15][00:21:43][INFO] : Tile : 2,17
[06/05/15][00:21:43][INFO] : Mouse : 0,0
[06/05/15][00:21:43][INFO] : Chunk : 0,0
[06/05/15][00:21:43][INFO] : Tile : 2,16
[06/05/15][00:21:43][INFO] : Mouse : 0,0
[06/05/15][00:21:43][INFO] : Chunk : 0,0
[06/05/15][00:21:43][INFO] : Tile : 2,16
[06/05/15][00:21:44][INFO] : Mouse : 0,0
[06/05/15][00:21:44][INFO] : Chunk : 0,0
[06/05/15][00:21:44][INFO] : Tile : 2,15
[06/05/15][00:21:44][INFO] : Mouse : 0,0
[06/05/15][00:21:44][INFO] : Chunk : 0,0
[06/05/15][00:21:44][INFO] : Tile : 1,15
[06/05/15][00:21:44][INFO] : Mouse : 0,0
[06/05/15][00:21:44][INFO] : Chunk : 0,0
[06/05/15][00:21:44][INFO] : Tile : 0,15
[06/05/15][00:21:44][INFO] : Mouse : 0,0
[06/05/15][00:21:44][INFO] : Chunk : 0,0
[06/05/15][00:21:44][INFO] : Tile : 0,15
[06/05/15][00:21:44][INFO] : Mouse : 0,0
[06/05/15][00:21:44][INFO] : Chunk : 0,0
[06/05/15][00:21:44][INFO] : Tile : 0,16
[06/05/15][00:21:45][INFO] : Mouse : 0,0
[06/05/15][00:21:45][INFO] : Chunk : 0,0
[06/05/15][00:21:45][INFO] : Tile : 0,17
[06/05/15][00:21:45][INFO] : Mouse : 0,0
[06/05/15][00:21:45][INFO] : Chunk : 0,0
[06/05/15][00:21:45][INFO] : Tile : 0,18
[06/05/15][00:21:45][INFO] : Mouse : 0,0
[06/05/15][00:21:45][INFO] : Chunk : 0,0
[06/05/15][00:21:45][INFO] : Tile : 0,18
[06/05/15][00:21:45][INFO] : Mouse : 0,0
[06/05/15][00:21:45][INFO] : Chunk : 0,0
[06/05/15][00:21:45][INFO] : Tile : 1,17
[06/05/15][00:21:46][INFO] : Mouse : 0,0
[06/05/15][00:21:46][INFO] : Chunk : 0,0
[06/05/15][00:21:46][INFO] : Tile : 1,17
[06/05/15][00:21:46][INFO] : Mouse : 0,0
[06/05/15][00:21:46][INFO] : Chunk : 0,0
[06/05/15][00:21:46][INFO] : Tile : 1,16
[06/05/15][00:21:46][INFO] : Mouse : 0,0
[06/05/15][00:21:46][INFO] : Chunk : 0,0
[06/05/15][00:21:46][INFO] : Tile : 2,14
[06/05/15][00:21:46][INFO] : Mouse : 0,0
[06/05/15][00:21:46][INFO] : Chunk : 0,0
[06/05/15][00:21:46][INFO] : Tile : 2,14
[06/05/15][00:21:47][INFO] : Mouse : 0,0
[06/05/15][00:21:47][INFO] : Chunk : 0,0
[06/05/15][00:21:47][INFO] : Tile : 2,13
[06/05/15][00:21:47][INFO] : Mouse : 0,0
[06/05/15][00:21:47][INFO] : Chunk : 0,0
[06/05/15][00:21:47][INFO] : Tile : 2,13
[06/05/15][00:21:47][INFO] : Mouse : 0,0
[06/05/15][00:21:47][INFO] : Chunk : 0,0
[06/05/15][00:21:47][INFO] : Tile : 1,12
[06/05/15][00:21:47][INFO] : Mouse : 0,0
[06/05/15][00:21:47][INFO] : Chunk : 0,0
[06/05/15][00:21:47][INFO] : Tile : 1,13
[06/05/15][00:21:47][INFO] : Mouse : 0,0
[06/05/15][00:21:47][INFO] : Chunk : 0,0
[06/05/15][00:21:47][INFO] : Tile : 0,13
[06/05/15][00:21:48][INFO] : Mouse : 0,0
[06/05/15][00:21:48][INFO] : Chunk : 0,0
[06/05/15][00:21:48][INFO] : Tile : 0,14
[06/05/15][00:21:48][INFO] : Mouse : 0,0
[06/05/15][00:21:48][INFO] : Chunk : 0,0
[06/05/15][00:21:48][INFO] : Tile : 1,14
[06/05/15][00:21:48][INFO] : Mouse : 0,0
[06/05/15][00:21:48][INFO] : Chunk : 0,0
[06/05/15][00:21:48][INFO] : Tile : 0,12
[06/05/15][00:21:49][INFO] : Mouse : 0,0
[06/05/15][00:21:49][INFO] : Chunk : 0,0
[06/05/15][00:21:49][INFO] : Tile : 0,11
[06/05/15][00:21:49][INFO] : Mouse : 0,0
[06/05/15][00:21:49][INFO] : Chunk : 0,0
[06/05/15][00:21:49][INFO] : Tile : 0,11
[06/05/15][00:21:49][INFO] : Mouse : 0,0
[06/05/15][00:21:49][INFO] : Chunk : 0,0
[06/05/15][00:21:49][INFO] : Tile : 1,11
[06/05/15][00:21:49][INFO] : Mouse : 0,0
[06/05/15][00:21:49][INFO] : Chunk : 0,0
[06/05/15][00:21:49][INFO] : Tile : 2,11
[06/05/15][00:21:49][INFO] : Mouse : 0,0
[06/05/15][00:21:49][INFO] : Chunk : 0,0
[06/05/15][00:21:49][INFO] : Tile : 2,11
[06/05/15][00:21:50][INFO] : Mouse : 0,0
[06/05/15][00:21:50][INFO] : Chunk : 0,0
[06/05/15][00:21:50][INFO] : Tile : 2,10
[06/05/15][00:21:50][INFO] : Mouse : 0,0
[06/05/15][00:21:50][INFO] : Chunk : 0,0
[06/05/15][00:21:50][INFO] : Tile : 2,9
[06/05/15][00:21:50][INFO] : Mouse : 0,0
[06/05/15][00:21:50][INFO] : Chunk : 0,0
[06/05/15][00:21:50][INFO] : Tile : 2,7
[06/05/15][00:21:51][INFO] : Mouse : 0,0
[06/05/15][00:21:51][INFO] : Chunk : 0,0
[06/05/15][00:21:51][INFO] : Tile : 2,7
[06/05/15][00:21:51][INFO] : Mouse : 0,0
[06/05/15][00:21:51][INFO] : Chunk : 0,0
[06/05/15][00:21:51][INFO] : Tile : 0,7
[06/05/15][00:21:51][INFO] : Mouse : 0,0
[06/05/15][00:21:51][INFO] : Chunk : 0,0
[06/05/15][00:21:51][INFO] : Tile : 0,7
[06/05/15][00:21:51][INFO] : Mouse : 0,0
[06/05/15][00:21:51][INFO] : Chunk : 0,0
[06/05/15][00:21:51][INFO] : Tile : 0,8
[06/05/15][00:21:51][INFO] : Mouse : 0,0
[06/05/15][00:21:51][INFO] : Chunk : 0,0
[06/05/15][00:21:51][INFO] : Tile : 1,8
[06/05/15][00:21:52][INFO] : Mouse : 0,0
[06/05/15][00:21:52][INFO] : Chunk : 0,0
[06/05/15][00:21:52][INFO] : Tile : 1,8
[06/05/15][00:21:52][INFO] : Mouse : 0,0
[06/05/15][00:21:52][INFO] : Chunk : 0,0
[06/05/15][00:21:52][INFO] : Tile : 1,9
[06/05/15][00:21:52][INFO] : Mouse : 0,0
[06/05/15][00:21:52][INFO] : Chunk : 0,0
[06/05/15][00:21:52][INFO] : Tile : 1,10
[06/05/15][00:21:52][INFO] : Mouse : 0,0
[06/05/15][00:21:52][INFO] : Chunk : 0,0
[06/05/15][00:21:52][INFO] : Tile : 1,10
[06/05/15][00:21:53][INFO] : Mouse : 0,0
[06/05/15][00:21:53][INFO] : Chunk : 0,0
[06/05/15][00:21:53][INFO] : Tile : 1,7
[06/05/15][00:21:57][INFO] : Mouse : -1,0
[06/05/15][00:21:57][INFO] : Chunk : -1,0
[06/05/15][00:21:57][INFO] : Tile : 29,3
[06/05/15][00:21:59][INFO] : Mouse : -1,0
[06/05/15][00:21:59][INFO] : Chunk : -1,0
[06/05/15][00:21:59][INFO] : Tile : 29,3
[06/05/15][00:21:59][INFO] : Mouse : -1,0
[06/05/15][00:21:59][INFO] : Chunk : -1,0
[06/05/15][00:21:59][INFO] : Tile : 29,3
[06/05/15][00:21:59][INFO] : Mouse : -1,0
[06/05/15][00:21:59][INFO] : Chunk : -1,0
[06/05/15][00:21:59][INFO] : Tile : 29,2
[06/05/15][00:22:00][INFO] : Mouse : -1,0
[06/05/15][00:22:00][INFO] : Chunk : -1,0
[06/05/15][00:22:00][INFO] : Tile : 29,2
[06/05/15][00:22:00][INFO] : Mouse : -1,0
[06/05/15][00:22:00][INFO] : Chunk : -1,0
[06/05/15][00:22:00][INFO] : Tile : 29,2
[06/05/15][00:22:00][INFO] : Mouse : -1,0
[06/05/15][00:22:00][INFO] : Chunk : -1,0
[06/05/15][00:22:00][INFO] : Tile : 29,2
[06/05/15][00:22:01][INFO] : Mouse : -1,0
[06/05/15][00:22:01][INFO] : Chunk : -1,0
[06/05/15][00:22:01][INFO] : Tile : 29,2
[06/05/15][00:22:01][INFO] : Mouse : -1,0
[06/05/15][00:22:01][INFO] : Chunk : -1,0
[06/05/15][00:22:01][INFO] : Tile : 29,2
[06/05/15][00:22:01][INFO] : Mouse : -1,0
[06/05/15][00:22:01][INFO] : Chunk : -1,0
[06/05/15][00:22:01][INFO] : Tile : 29,2
[06/05/15][00:22:07][INFO] : Mouse : -1,0
[06/05/15][00:22:07][INFO] : Chunk : -1,0
[06/05/15][00:22:07][INFO] : Tile : 0,2
[06/05/15][00:22:10][INFO] : Mouse : -1,0
[06/05/15][00:22:10][INFO] : Chunk : -1,0
[06/05/15][00:22:10][INFO] : Tile : 31,2
[06/05/15][00:22:15][INFO] : Mouse : -1,0
[06/05/15][00:22:15][INFO] : Chunk : -1,0
[06/05/15][00:22:15][INFO] : Tile : 30,2
[06/05/15][00:22:16][INFO] : Mouse : -1,0
[06/05/15][00:22:16][INFO] : Chunk : -1,0
[06/05/15][00:22:16][INFO] : Tile : 29,2
[06/05/15][00:22:16][INFO] : Mouse : -1,0
[06/05/15][00:22:16][INFO] : Chunk : -1,0
[06/05/15][00:22:16][INFO] : Tile : 29,3
[06/05/15][00:22:17][INFO] : Mouse : -1,0
[06/05/15][00:22:17][INFO] : Chunk : -1,0
[06/05/15][00:22:17][INFO] : Tile : 29,3
[06/05/15][00:22:17][INFO] : Mouse : -1,0
[06/05/15][00:22:17][INFO] : Chunk : -1,0
[06/05/15][00:22:17][INFO] : Tile : 29,4
[06/05/15][00:22:18][INFO] : Mouse : -1,0
[06/05/15][00:22:18][INFO] : Chunk : -1,0
[06/05/15][00:22:18][INFO] : Tile : 29,4
[06/05/15][00:22:18][INFO] : Mouse : -1,0
[06/05/15][00:22:18][INFO] : Chunk : -1,0
[06/05/15][00:22:18][INFO] : Tile : 29,4
[06/05/15][00:22:18][INFO] : Mouse : -1,0
[06/05/15][00:22:18][INFO] : Chunk : -1,0
[06/05/15][00:22:18][INFO] : Tile : 29,4
[06/05/15][00:22:19][INFO] : Mouse : -1,0
[06/05/15][00:22:19][INFO] : Chunk : -1,0
[06/05/15][00:22:19][INFO] : Tile : 29,4
[06/05/15][00:22:19][INFO] : Mouse : -1,0
[06/05/15][00:22:19][INFO] : Chunk : -1,0
[06/05/15][00:22:19][INFO] : Tile : 29,4
[06/05/15][00:22:19][INFO] : Mouse : -1,0
[06/05/15][00:22:19][INFO] : Chunk : -1,0
[06/05/15][00:22:19][INFO] : Tile : 29,4
[06/05/15][00:22:20][INFO] : Mouse : -1,0
[06/05/15][00:22:20][INFO] : Chunk : -1,0
[06/05/15][00:22:20][INFO] : Tile : 29,5
[06/05/15][00:22:20][INFO] : Mouse : -1,0
[06/05/15][00:22:20][INFO] : Chunk : -1,0
[06/05/15][00:22:20][INFO] : Tile : 29,5
[06/05/15][00:22:20][INFO] : Mouse : -1,0
[06/05/15][00:22:20][INFO] : Chunk : -1,0
[06/05/15][00:22:20][INFO] : Tile : 29,5
[06/05/15][00:22:21][INFO] : Mouse : -1,0
[06/05/15][00:22:21][INFO] : Chunk : -1,0
[06/05/15][00:22:21][INFO] : Tile : 28,4
[06/05/15][00:22:21][INFO] : Mouse : -1,0
[06/05/15][00:22:21][INFO] : Chunk : -1,0
[06/05/15][00:22:21][INFO] : Tile : 28,4
[06/05/15][00:22:22][INFO] : Mouse : -1,0
[06/05/15][00:22:22][INFO] : Chunk : -1,0
[06/05/15][00:22:22][INFO] : Tile : 28,3
[06/05/15][00:22:22][INFO] : Mouse : -1,0
[06/05/15][00:22:22][INFO] : Chunk : -1,0
[06/05/15][00:22:22][INFO] : Tile : 28,3
[06/05/15][00:22:22][INFO] : Mouse : -1,0
[06/05/15][00:22:22][INFO] : Chunk : -1,0
[06/05/15][00:22:22][INFO] : Tile : 28,3
[06/05/15][00:22:23][INFO] : Mouse : -1,0
[06/05/15][00:22:23][INFO] : Chunk : -1,0
[06/05/15][00:22:23][INFO] : Tile : 28,3
[06/05/15][00:22:23][INFO] : Mouse : -1,0
[06/05/15][00:22:23][INFO] : Chunk : -1,0
[06/05/15][00:22:23][INFO] : Tile : 28,3
[06/05/15][00:22:24][INFO] : Mouse : -1,0
[06/05/15][00:22:24][INFO] : Chunk : -1,0
[06/05/15][00:22:24][INFO] : Tile : 29,3
[06/05/15][00:22:24][INFO] : Mouse : -1,0
[06/05/15][00:22:24][INFO] : Chunk : -1,0
[06/05/15][00:22:24][INFO] : Tile : 31,3
[06/05/15][00:22:25][INFO] : Mouse : -1,0
[06/05/15][00:22:25][INFO] : Chunk : -1,0
[06/05/15][00:22:25][INFO] : Tile : 0,3
[06/05/15][00:22:25][INFO] : Mouse : -1,0
[06/05/15][00:22:25][INFO] : Chunk : -1,0
[06/05/15][00:22:25][INFO] : Tile : 0,3
[06/05/15][00:22:27][INFO] : Mouse : 0,0
[06/05/15][00:22:27][INFO] : Chunk : 0,0
[06/05/15][00:22:27][INFO] : Tile : 0,2
[06/05/15][00:22:28][INFO] : Mouse : 0,0
[06/05/15][00:22:28][INFO] : Chunk : 0,0
[06/05/15][00:22:28][INFO] : Tile : 0,2
[06/05/15][00:22:28][INFO] : Mouse : 0,0
[06/05/15][00:22:28][INFO] : Chunk : 0,0
[06/05/15][00:22:28][INFO] : Tile : 0,2
[06/05/15][00:22:29][INFO] : Mouse : -1,0
[06/05/15][00:22:29][INFO] : Chunk : -1,0
[06/05/15][00:22:29][INFO] : Tile : 0,2
[06/05/15][00:22:29][INFO] : Mouse : -1,0
[06/05/15][00:22:29][INFO] : Chunk : -1,0
[06/05/15][00:22:29][INFO] : Tile : 0,2
[06/05/15][00:22:52][INFO] : Mouse : 501.269,377.981
[06/05/15][00:22:52][INFO] : Chunk : 0,0
[06/05/15][00:22:52][INFO] : Tile : 15,11
[06/05/15][00:22:55][INFO] : Mouse : 461.642,-275.486
[06/05/15][00:22:55][INFO] : Chunk : 0,-1
[06/05/15][00:22:55][INFO] : Tile : 14,24
[06/05/15][00:22:58][INFO] : Mouse : -421.708,-1335.4
[06/05/15][00:22:58][INFO] : Chunk : -1,-2
[06/05/15][00:22:58][INFO] : Tile : 19,23
[06/05/15][00:23:01][INFO] : Mouse : 345.219,-1592.87
[06/05/15][00:23:01][INFO] : Chunk : 0,-2
[06/05/15][00:23:01][INFO] : Tile : 10,15
[06/05/15][00:23:02][INFO] : Mouse : 1911.94,-1603.83
[06/05/15][00:23:02][INFO] : Chunk : 1,-2
[06/05/15][00:23:02][INFO] : Tile : 27,14
[06/05/15][00:23:03][INFO] : Mouse : 1742.12,-754.728
[06/05/15][00:23:03][INFO] : Chunk : 1,-1
[06/05/15][00:23:03][INFO] : Tile : 22,9
[06/05/15][00:23:04][INFO] : Mouse : 1681.86,412.098
[06/05/15][00:23:04][INFO] : Chunk : 1,0
[06/05/15][00:23:04][INFO] : Tile : 20,12
[06/05/15][00:23:04][INFO] : Mouse : 553.386,686.001
[06/05/15][00:23:04][INFO] : Chunk : 0,0
[06/05/15][00:23:04][INFO] : Tile : 17,21
[06/05/15][00:23:05][INFO] : Mouse : -580.572,543.571
[06/05/15][00:23:05][INFO] : Chunk : -1,0
[06/05/15][00:23:05][INFO] : Tile : 14,16
[06/05/15][00:23:05][INFO] : Mouse : -607.962,-261.703
[06/05/15][00:23:05][INFO] : Chunk : -1,-1
[06/05/15][00:23:05][INFO] : Tile : 14,24
[06/05/15][00:23:13][INFO] : Mouse : -1617.56,-1463.76
[06/05/15][00:23:13][INFO] : Chunk : -2,-2
[06/05/15][00:23:13][INFO] : Tile : 14,19
[06/05/15][00:23:15][INFO] : Mouse : -2417.84,-2282.64
[06/05/15][00:23:15][INFO] : Chunk : -3,-3
[06/05/15][00:23:15][INFO] : Tile : 21,25
[06/05/15][00:23:17][INFO] : Mouse : -631.173,-705.355
[06/05/15][00:23:17][INFO] : Chunk : -1,-1
[06/05/15][00:23:17][INFO] : Tile : 13,10
[06/05/15][00:23:18][INFO] : Mouse : -691.659,-1389.31
[06/05/15][00:23:18][INFO] : Chunk : -1,-2
[06/05/15][00:23:18][INFO] : Tile : 11,21
[06/05/15][00:23:19][INFO] : Mouse : -552.076,-2436.19
[06/05/15][00:23:19][INFO] : Chunk : -1,-3
[06/05/15][00:23:19][INFO] : Tile : 15,20
[06/05/15][00:23:19][INFO] : Mouse : -1408.19,-2277.99
[06/05/15][00:23:19][INFO] : Chunk : -2,-3
[06/05/15][00:23:19][INFO] : Tile : 20,25
[06/05/15][00:23:20][INFO] : Mouse : -2143.32,-1761.53
[06/05/15][00:23:20][INFO] : Chunk : -3,-2
[06/05/15][00:23:20][INFO] : Tile : 30,9
[06/05/15][00:23:20][INFO] : Mouse : -2408.53,-635.564
[06/05/15][00:23:20][INFO] : Chunk : -3,-1
[06/05/15][00:23:20][INFO] : Tile : 21,13
[06/05/15][00:23:20][INFO] : Mouse : -1678.05,-607.647
[06/05/15][00:23:20][INFO] : Chunk : -2,-1
[06/05/15][00:23:20][INFO] : Tile : 12,14
[06/05/15][00:31:15][INFO] : Mouse : 340.671,-162.655
[06/05/15][00:31:15][INFO] : Chunk : 0,-1
[06/05/15][00:31:15][INFO] : Tile : 10,27
[06/05/15][00:31:16][INFO] : Mouse : 380.671,-172.655
[06/05/15][00:31:16][INFO] : Chunk : 0,-1
[06/05/15][00:31:16][INFO] : Tile : 11,27
[06/05/15][00:31:20][INFO] : Mouse : 400.671,-171.655
[06/05/15][00:31:20][INFO] : Chunk : 0,-1
[06/05/15][00:31:20][INFO] : Tile : 12,27
[06/05/15][00:34:21][INFO] : Mouse : 458.671,-173.655
[06/05/15][00:34:21][INFO] : Chunk : 0,-1
[06/05/15][00:34:21][INFO] : Tile : 14,27
[06/05/15][00:34:33][INFO] : Mouse : 272.671,-174.655
[06/05/15][00:34:33][INFO] : Chunk : 0,-1
[06/05/15][00:34:33][INFO] : Tile : 8,27
[06/05/15][00:34:36][INFO] : Mouse : 266.671,-142.655
[06/05/15][00:34:36][INFO] : Chunk : 0,-1
[06/05/15][00:34:36][INFO] : Tile : 8,28
[06/05/15][00:38:54][INFO] : Mouse : 304.341,-105.53
[06/05/15][00:38:54][INFO] : Chunk : 0,-1
[06/05/15][00:38:54][INFO] : Tile : 9,29
[06/05/15][00:38:58][INFO] : Mouse : 364.679,-105.53
[06/05/15][00:38:58][INFO] : Chunk : 0,-1
[06/05/15][00:38:58][INFO] : Tile : 11,29
[06/05/15][00:39:00][INFO] : Mouse : 394.032,-103.899
[06/05/15][00:39:00][INFO] : Chunk : 0,-1
[06/05/15][00:39:00][INFO] : Tile : 12,29
[06/05/15][00:39:04][INFO] : Mouse : 398.924,-167.498
[06/05/15][00:39:04][INFO] : Chunk : 0,-1
[06/05/15][00:39:04][INFO] : Tile : 12,27
[06/05/15][00:39:08][INFO] : Mouse : 404.632,-165.052
[06/05/15][00:39:08][INFO] : Chunk : 0,-1
[06/05/15][00:39:08][INFO] : Tile : 12,27
[06/05/15][00:39:14][INFO] : Mouse : 399.74,-201.744
[06/05/15][00:39:14][INFO] : Chunk : 0,-1
[06/05/15][00:39:14][INFO] : Tile : 12,26
[06/05/15][00:39:18][INFO] : Mouse : 395.663,-171.575
[06/05/15][00:39:18][INFO] : Chunk : 0,-1
[06/05/15][00:39:18][INFO] : Tile : 12,27
[06/05/15][00:41:38][INFO] : Mouse : 48.3418,-27.3232
[06/05/15][00:41:38][INFO] : Chunk : 0,-1
[06/05/15][00:41:38][INFO] : Tile : 1,0
[06/05/15][00:41:43][INFO] : Mouse : 12.3057,-17.9342
[06/05/15][00:41:43][INFO] : Chunk : 0,-1
[06/05/15][00:41:43][INFO] : Tile : 0,0
[06/05/15][00:41:44][INFO] : Mouse : 45.5858,-16.0142
[06/05/15][00:41:44][INFO] : Chunk : 0,-1
[06/05/15][00:41:44][INFO] : Tile : 1,0
[06/05/15][00:41:45][INFO] : Mouse : 114.706,-98.5742
[06/05/15][00:41:45][INFO] : Chunk : 0,-1
[06/05/15][00:41:45][INFO] : Tile : 3,28
[06/05/15][00:41:46][INFO] : Mouse : 55.8257,-160.014
[06/05/15][00:41:46][INFO] : Chunk : 0,-1
[06/05/15][00:41:46][INFO] : Tile : 1,26
[06/05/15][00:41:47][INFO] : Mouse : 15.5058,-82.5742
[06/05/15][00:41:47][INFO] : Chunk : 0,-1
[06/05/15][00:41:47][INFO] : Tile : 0,29
[06/05/15][00:41:49][INFO] : Mouse : 13.5857,-58.2542
[06/05/15][00:41:49][INFO] : Chunk : 0,-1
[06/05/15][00:41:49][INFO] : Tile : 0,30
[06/05/15][00:41:51][INFO] : Mouse : 15.5058,-11.5342
[06/05/15][00:41:51][INFO] : Chunk : 0,-1
[06/05/15][00:41:51][INFO] : Tile : 0,0
[06/05/15][00:41:53][INFO] : Mouse : 46.2257,-14.0942
[06/05/15][00:41:53][INFO] : Chunk : 0,-1
[06/05/15][00:41:53][INFO] : Tile : 1,0
[06/05/15][00:41:54][INFO] : Mouse : 42.3857,-45.4542
[06/05/15][00:41:54][INFO] : Chunk : 0,-1
[06/05/15][00:41:54][INFO] : Tile : 1,30
[06/05/15][00:41:56][INFO] : Mouse : 75.0257,-46.7342
[06/05/15][00:41:56][INFO] : Chunk : 0,-1
[06/05/15][00:41:56][INFO] : Tile : 2,30
[06/05/15][00:41:56][INFO] : Mouse : 99.9857,-48.0142
[06/05/15][00:41:56][INFO] : Chunk : 0,-1
[06/05/15][00:41:56][INFO] : Tile : 3,30
[06/05/15][00:41:57][INFO] : Mouse : 99.3457,-26.2542
[06/05/15][00:41:57][INFO] : Chunk : 0,-1
[06/05/15][00:41:57][INFO] : Tile : 3,0
[06/05/15][00:41:57][INFO] : Mouse : 63.5057,-19.2142
[06/05/15][00:41:57][INFO] : Chunk : 0,-1
[06/05/15][00:41:57][INFO] : Tile : 1,0
[06/05/15][00:41:58][INFO] : Mouse : 30.2257,-18.5742
[06/05/15][00:41:58][INFO] : Chunk : 0,-1
[06/05/15][00:41:58][INFO] : Tile : 0,0
[06/05/15][00:51:18][INFO] : Mouse : 246.028,-12.1848
[06/05/15][00:51:18][INFO] : Chunk : 0,-1
[06/05/15][00:51:18][INFO] : 0
[06/05/15][00:51:18][INFO] : 0
[06/05/15][00:51:18][INFO] : Tile : 7,0
[06/05/15][00:51:26][INFO] : Mouse : 245.536,-46.0997
[06/05/15][00:51:26][INFO] : Chunk : 0,-1
[06/05/15][00:51:26][INFO] : -1
[06/05/15][00:51:26][INFO] : 31
[06/05/15][00:51:26][INFO] : Tile : 7,31
[06/05/15][00:51:38][INFO] : Mouse : 242.096,-79.523
[06/05/15][00:51:38][INFO] : Chunk : 0,-1
[06/05/15][00:51:38][INFO] : -2
[06/05/15][00:51:38][INFO] : 30
[06/05/15][00:51:38][INFO] : Tile : 7,30
[06/05/15][00:52:12][INFO] : Mouse : 311.4,-110.489
[06/05/15][00:52:12][INFO] : Chunk : 0,-1
[06/05/15][00:52:12][INFO] : -3
[06/05/15][00:52:12][INFO] : 29
[06/05/15][00:52:12][INFO] : Tile : 9,29
[06/05/15][00:52:15][INFO] : Mouse : 303.536,-139.488
[06/05/15][00:52:16][INFO] : Chunk : 0,-1
[06/05/15][00:52:16][INFO] : -4
[06/05/15][00:52:16][INFO] : 28
[06/05/15][00:52:16][INFO] : Tile : 9,28
[06/05/15][00:52:17][INFO] : Mouse : 307.468,-171.437
[06/05/15][00:52:17][INFO] : Chunk : 0,-1
[06/05/15][00:52:17][INFO] : -5
[06/05/15][00:52:17][INFO] : 27
[06/05/15][00:52:17][INFO] : Tile : 9,27
[06/05/15][00:52:37][INFO] : Mouse : 215.554,-17.1
[06/05/15][00:52:37][INFO] : Chunk : 0,-1
[06/05/15][00:52:37][INFO] : 0
[06/05/15][00:52:37][INFO] : 0
[06/05/15][00:52:37][INFO] : Tile : 6,0
[06/05/15][00:54:06][INFO] : Mouse : 200.341,-27.6562
[06/05/15][00:54:06][INFO] : Chunk : 0,-1
[06/05/15][00:54:06][INFO] : Tile : 6,31
[06/05/15][00:54:07][INFO] : Mouse : 149.341,-15.6562
[06/05/15][00:54:07][INFO] : Chunk : 0,-1
[06/05/15][00:54:07][INFO] : Tile : 4,31
[06/05/15][00:54:08][INFO] : Mouse : 147.341,-80.6562
[06/05/15][00:54:08][INFO] : Chunk : 0,-1
[06/05/15][00:54:08][INFO] : Tile : 4,29
[06/05/15][00:54:09][INFO] : Mouse : 170.341,-53.6562
[06/05/15][00:54:09][INFO] : Chunk : 0,-1
[06/05/15][00:54:09][INFO] : Tile : 5,30
[06/05/15][00:54:11][INFO] : Mouse : -49.6523,-467.308
[06/05/15][00:54:11][INFO] : Chunk : -1,-1
[06/05/15][00:54:11][INFO] : Tile : 30,17
[06/05/15][00:54:12][INFO] : Mouse : -106.652,-462.308
[06/05/15][00:54:12][INFO] : Chunk : -1,-1
[06/05/15][00:54:12][INFO] : Tile : 28,17
[06/05/15][00:54:12][INFO] : Mouse : -116.652,-437.308
[06/05/15][00:54:12][INFO] : Chunk : -1,-1
[06/05/15][00:54:12][INFO] : Tile : 28,18
[06/05/15][00:54:15][INFO] : Mouse : -140.647,-1194.61
[06/05/15][00:54:15][INFO] : Chunk : -1,-2
[06/05/15][00:54:15][INFO] : Tile : 27,26
[06/05/15][00:54:16][INFO] : Mouse : -147.647,-1173.61
[06/05/15][00:54:16][INFO] : Chunk : -1,-2
[06/05/15][00:54:16][INFO] : Tile : 27,27
[06/05/15][00:54:16][INFO] : Mouse : -108.647,-1182.61
[06/05/15][00:54:16][INFO] : Chunk : -1,-2
[06/05/15][00:54:16][INFO] : Tile : 28,27
[06/05/15][00:54:17][INFO] : Mouse : -108.647,-1198.61
[06/05/15][00:54:17][INFO] : Chunk : -1,-2
[06/05/15][00:54:17][INFO] : Tile : 28,26
[06/05/15][00:54:17][INFO] : Mouse : -86.6473,-1198.61
[06/05/15][00:54:17][INFO] : Chunk : -1,-2
[06/05/15][00:54:17][INFO] : Tile : 29,26
[06/05/15][00:54:19][INFO] : Mouse : 326.339,-1234.95
[06/05/15][00:54:19][INFO] : Chunk : 0,-2
[06/05/15][00:54:19][INFO] : Tile : 10,25
[06/05/15][00:54:19][INFO] : Mouse : 358.339,-1237.95
[06/05/15][00:54:19][INFO] : Chunk : 0,-2
[06/05/15][00:54:19][INFO] : Tile : 11,25
[06/05/15][00:54:19][INFO] : Mouse : 367.339,-1203.95
[06/05/15][00:54:19][INFO] : Chunk : 0,-2
[06/05/15][00:54:19][INFO] : Tile : 11,26
