[[06/03/15][23:55:38]] [Server] : Game Server Version 0.1
[[06/03/15][23:55:38]] [Server] : Starting server...
[[06/03/15][23:55:38]] [Server] : Server started !
[[06/03/15][23:55:46]] [Server] : cmdu76 joined the game
[[06/03/15][23:55:53]] [Server] : alors ?
[[06/03/15][23:56:03]] [Server] : on est nul ?
[[06/03/15][23:56:05]] [Server] : taggle
[[06/03/15][23:56:07]] [Server] : oui
[[06/03/15][23:56:14]] [Server] : ca a l'air de mieux marcher...
[[06/03/15][23:56:17]] [Server] : ouais
[[06/03/15][23:56:20]] [Server] : cmdu76 left the game
[[06/03/15][23:57:02]] [Server] : Game Server Version 0.1
[[06/03/15][23:57:02]] [Server] : Starting server...
[[06/03/15][23:57:02]] [Server] : Server started !
[[06/03/15][23:57:10]] [Server] : cmdu76 joined the game
[[06/03/15][23:57:14]] [Server] : allo
[[06/03/15][23:57:16]] [Server] : bite
[[06/03/15][23:57:18]] [Server] : zob
[[06/03/15][23:57:24]] [Server] : cmdu76 left the game
[[06/03/15][23:58:45]] [Server] : Game Server Version 0.1
[[06/03/15][23:58:45]] [Server] : Starting server...
[[06/03/15][23:58:45]] [Server] : Server started !
[[06/03/15][23:58:50]] [Server] : cmdu76 joined the game
[[06/03/15][23:58:53]] [Server] : cmdu76 left the game
[[06/04/15][00:01:36]] [Server] : Game Server Version 0.1
[[06/04/15][00:01:36]] [Server] : Starting server...
[[06/04/15][00:01:36]] [Server] : Server started !
[[06/04/15][00:01:39]] [Server] : cmdu76 joined the game
[[06/04/15][00:01:41]] [Server] : cmdu76 left the game
[[06/04/15][00:01:41]] [Server] :  left the game
[[06/04/15][00:01:41]] [Server] :  left the game
[[06/04/15][00:19:34]] [Server] : Game Server Version 0.1
[[06/04/15][00:19:34]] [Server] : Starting server...
[[06/04/15][00:19:34]] [Server] : Server started !
[[06/04/15][00:19:43]] [Server] : cmdu76joined the game
[[06/04/15][00:19:48]] [Server] : cmdu76 left the game
[[06/04/15][00:19:48]] [Server] :  left the game
[[06/04/15][00:19:48]] [Server] :  left the game
[[06/04/15][00:20:26]] [Server] : Game Server Version 0.1
[[06/04/15][00:20:26]] [Server] : Starting server...
[[06/04/15][00:20:26]] [Server] : Server started !
[[06/04/15][00:20:30]] [Server] : cmdu76 joined the game
[[06/04/15][00:20:32]] [Server] : cmdu76 left the game
[[06/04/15][00:20:32]] [Server] :  left the game
[[06/04/15][00:20:32]] [Server] :  left the game
[[06/04/15][00:21:19]] [Server] : Game Server Version 0.1
[[06/04/15][00:21:19]] [Server] : Starting server...
[[06/04/15][00:21:19]] [Server] : Server started !
[[06/04/15][00:21:28]] [Server] : cmdu76 joined the game
[[06/04/15][00:21:31]] [Server] : cmdu76 left the game
[[06/04/15][00:21:31]] [Server] :  left the game
[[06/04/15][00:21:31]] [Server] :  left the game
[[06/04/15][00:44:40]] [Server] : Game Server Version 0.1
[[06/04/15][00:44:40]] [Server] : Starting server...
[[06/04/15][00:44:40]] [Server] : Server started !
[[06/04/15][00:45:53]] [Server] : Game Server Version 0.1
[[06/04/15][00:45:53]] [Server] : Starting server...
[[06/04/15][00:45:53]] [Server] : Server started !
[[06/04/15][00:46:03]] [Server] : cmdu76 joined the game
[[06/04/15][00:46:07]] [Server] : a
[[06/04/15][00:46:10]] [Server] : cmdu76 left the game
[[06/04/15][00:47:00]] [Server] : Game Server Version 0.1
[[06/04/15][00:47:00]] [Server] : Starting server...
[[06/04/15][00:47:00]] [Server] : Server started !
[[06/04/15][00:47:12]] [Server] : cmdu76 joined the game
[[06/04/15][00:47:17]] [Server] : cmdu76 left the game
[[06/04/15][00:47:17]] [Server] :  left the game
[[06/04/15][00:47:17]] [Server] :  left the game
[[06/04/15][00:47:38]] [Server] : Game Server Version 0.1
[[06/04/15][00:47:38]] [Server] : Starting server...
[[06/04/15][00:47:38]] [Server] : Server started !
[[06/04/15][00:47:54]] [Server] : cmdu76 joined the game
[[06/04/15][00:47:57]] [Server] : cmdu76 left the game
[[06/04/15][00:48:51]] [Server] : Game Server Version 0.1
[[06/04/15][00:48:51]] [Server] : Starting server...
[[06/04/15][00:48:51]] [Server] : Server started !
[[06/04/15][00:48:58]] [Server] : cmdu76 joined the game
[[06/04/15][00:49:00]] [Server] : cmdu76 left the game
[[06/04/15][00:49:18]] [Server] : Game Server Version 0.1
[[06/04/15][00:49:18]] [Server] : Starting server...
[[06/04/15][00:49:18]] [Server] : Server started !
[[06/04/15][00:49:19]] [Server] : cmdu76 joined the game
[[06/04/15][00:49:22]] [Server] : cmdu76 left the game
[[06/04/15][00:51:45]] [Server] : Game Server Version 0.1
[[06/04/15][00:51:45]] [Server] : Starting server...
[[06/04/15][00:51:45]] [Server] : Server started !
[[06/04/15][00:51:51]] [Server] : cmdu76 joined the game
[[06/04/15][00:51:53]] [Server] : cmdu76 left the game
[[06/04/15][00:51:53]] [Server] :  left the game
[[06/04/15][00:51:53]] [Server] :  left the game
[[06/04/15][00:58:06]] [Server] : Game Server Version 0.1
[[06/04/15][00:58:06]] [Server] : Starting server...
[[06/04/15][00:58:06]] [Server] : Server started !
[[06/04/15][00:58:13]] [Server] : cmdu76 joined the game
[[06/04/15][00:58:16]] [Server] : cmdu76 left the game
[[06/04/15][01:01:00]] [Server] : Game Server Version 0.1
[[06/04/15][01:01:00]] [Server] : Starting server...
[[06/04/15][01:01:00]] [Server] : Server started !
[[06/04/15][01:01:05]] [Server] : cmdu76 joined the game
[[06/04/15][01:01:09]] [Server] : cmdu76 left the game
[[06/04/15][01:02:38]] [Server] : Game Server Version 0.1
[[06/04/15][01:02:38]] [Server] : Starting server...
[[06/04/15][01:02:38]] [Server] : Server started !
[[06/04/15][01:02:44]] [Server] : cmdu76 joined the game
[[06/04/15][01:02:58]] [Server] : cmdu76 left the game
[[06/04/15][01:05:21]] [Server] : Game Server Version 0.1
[[06/04/15][01:05:21]] [Server] : Starting server...
[[06/04/15][01:05:21]] [Server] : Server started !
[[06/04/15][01:05:28]] [Server] : cmdu76 joined the game
[[06/04/15][01:05:29]] [Server] : cmdu76 left the game
[[06/04/15][01:05:40]] [Server] : Game Server Version 0.1
[[06/04/15][01:05:40]] [Server] : Starting server...
[[06/04/15][01:05:40]] [Server] : Server started !
[[06/04/15][01:08:56]] [Server] : Game Server Version 0.1
[[06/04/15][01:08:56]] [Server] : Starting server...
[[06/04/15][01:08:56]] [Server] : Server started !
[[06/04/15][01:09:03]] [Server] : cmdu76 joined the game
[[06/04/15][01:09:07]] [Server] : cmdu76 left the game
[[06/04/15][01:09:32]] [Server] : Game Server Version 0.1
[[06/04/15][01:09:32]] [Server] : Starting server...
[[06/04/15][01:09:32]] [Server] : Server started !
[[06/04/15][01:09:54]] [Server] : cmdu76 joined the game
[[06/04/15][01:09:59]] [Server] : cmdu76 left the game
[[06/04/15][01:10:09]] [Server] : Game Server Version 0.1
[[06/04/15][01:10:09]] [Server] : Starting server...
[[06/04/15][01:10:09]] [Server] : Server started !
[[06/04/15][01:10:14]] [Server] : cmdu76 joined the game
[[06/04/15][01:10:18]] [Server] : cmdu76 left the game
[[06/04/15][01:14:11]] [Server] : Game Server Version 0.1
[[06/04/15][01:14:11]] [Server] : Starting server...
[[06/04/15][01:14:11]] [Server] : Server started !
[[06/04/15][01:14:16]] [Server] : cmdu76 joined the game
[[06/04/15][01:14:18]] [Server] : cmdu76 left the game
[[06/04/15][01:16:03]] [Server] : Game Server Version 0.1
[[06/04/15][01:16:03]] [Server] : Starting server...
[[06/04/15][01:16:03]] [Server] : Server started !
[[06/04/15][01:16:05]] [Server] : cmdu76 joined the game
[[06/04/15][01:16:07]] [Server] : cmdu76 left the game
[[06/04/15][01:16:25]] [Server] : Game Server Version 0.1
[[06/04/15][01:16:25]] [Server] : Starting server...
[[06/04/15][01:16:25]] [Server] : Server started !
[[06/04/15][01:16:29]] [Server] : cmdu76 joined the game
[[06/04/15][01:16:32]] [Server] : cmdu76 left the game
[[06/04/15][01:17:22]] [Server] : Game Server Version 0.1
[[06/04/15][01:17:22]] [Server] : Starting server...
[[06/04/15][01:17:22]] [Server] : Server started !
[[06/04/15][01:17:28]] [Server] : cmdu76 joined the game
[[06/04/15][01:17:31]] [Server] : cmdu76 left the game
[[06/04/15][01:23:18]] [Server] : Game Server Version 0.1
[[06/04/15][01:23:18]] [Server] : Starting server...
[[06/04/15][01:23:18]] [Server] : Server started !
[[06/04/15][01:23:19]] [Server] : cmdu76 joined the game
[[06/04/15][01:23:21]] [Server] : cmdu76 left the game
[[06/04/15][01:23:26]] [Server] : bite
[06/04/15][01:36:42] [Server] : Game Server Version 0.1
[06/04/15][01:36:42] [Server] : Starting server...
[06/04/15][01:36:42] [Server] : Server started !
[06/04/15][01:36:46] [Server] : Stopping server...
[06/04/15][01:36:46] [Server] : Server stopped !
